Determining if the include file malloc/malloc.h exists failed with the following output:
Change Dir: /home/vitowu/Documents/CourseMaterials/CourseMaterials/2018-2019_Term2/CS143-Compilers/llvmbuild/CMakeFiles/CMakeTmp

Run Build Command:"/usr/bin/make" "cmTC_83c28/fast"
/usr/bin/make -f CMakeFiles/cmTC_83c28.dir/build.make CMakeFiles/cmTC_83c28.dir/build
make[1]: Entering directory '/home/vitowu/Documents/CourseMaterials/CourseMaterials/2018-2019_Term2/CS143-Compilers/llvmbuild/CMakeFiles/CMakeTmp'
Building C object CMakeFiles/cmTC_83c28.dir/CheckIncludeFile.c.o
/usr/bin/cc    -o CMakeFiles/cmTC_83c28.dir/CheckIncludeFile.c.o   -c /home/vitowu/Documents/CourseMaterials/CourseMaterials/2018-2019_Term2/CS143-Compilers/llvmbuild/CMakeFiles/CMakeTmp/CheckIncludeFile.c
/home/vitowu/Documents/CourseMaterials/CourseMaterials/2018-2019_Term2/CS143-Compilers/llvmbuild/CMakeFiles/CMakeTmp/CheckIncludeFile.c:1:10: fatal error: malloc/malloc.h: No such file or directory
 #include <malloc/malloc.h>
          ^~~~~~~~~~~~~~~~~
compilation terminated.
CMakeFiles/cmTC_83c28.dir/build.make:65: recipe for target 'CMakeFiles/cmTC_83c28.dir/CheckIncludeFile.c.o' failed
make[1]: *** [CMakeFiles/cmTC_83c28.dir/CheckIncludeFile.c.o] Error 1
make[1]: Leaving directory '/home/vitowu/Documents/CourseMaterials/CourseMaterials/2018-2019_Term2/CS143-Compilers/llvmbuild/CMakeFiles/CMakeTmp'
Makefile:126: recipe for target 'cmTC_83c28/fast' failed
make: *** [cmTC_83c28/fast] Error 2


Determining if the include file ndir.h exists failed with the following output:
Change Dir: /home/vitowu/Documents/CourseMaterials/CourseMaterials/2018-2019_Term2/CS143-Compilers/llvmbuild/CMakeFiles/CMakeTmp

Run Build Command:"/usr/bin/make" "cmTC_27d6f/fast"
/usr/bin/make -f CMakeFiles/cmTC_27d6f.dir/build.make CMakeFiles/cmTC_27d6f.dir/build
make[1]: Entering directory '/home/vitowu/Documents/CourseMaterials/CourseMaterials/2018-2019_Term2/CS143-Compilers/llvmbuild/CMakeFiles/CMakeTmp'
Building C object CMakeFiles/cmTC_27d6f.dir/CheckIncludeFile.c.o
/usr/bin/cc    -o CMakeFiles/cmTC_27d6f.dir/CheckIncludeFile.c.o   -c /home/vitowu/Documents/CourseMaterials/CourseMaterials/2018-2019_Term2/CS143-Compilers/llvmbuild/CMakeFiles/CMakeTmp/CheckIncludeFile.c
/home/vitowu/Documents/CourseMaterials/CourseMaterials/2018-2019_Term2/CS143-Compilers/llvmbuild/CMakeFiles/CMakeTmp/CheckIncludeFile.c:1:10: fatal error: ndir.h: No such file or directory
 #include <ndir.h>
          ^~~~~~~~
compilation terminated.
CMakeFiles/cmTC_27d6f.dir/build.make:65: recipe for target 'CMakeFiles/cmTC_27d6f.dir/CheckIncludeFile.c.o' failed
make[1]: *** [CMakeFiles/cmTC_27d6f.dir/CheckIncludeFile.c.o] Error 1
make[1]: Leaving directory '/home/vitowu/Documents/CourseMaterials/CourseMaterials/2018-2019_Term2/CS143-Compilers/llvmbuild/CMakeFiles/CMakeTmp'
Makefile:126: recipe for target 'cmTC_27d6f/fast' failed
make: *** [cmTC_27d6f/fast] Error 2


Determining if the include file sys/ndir.h exists failed with the following output:
Change Dir: /home/vitowu/Documents/CourseMaterials/CourseMaterials/2018-2019_Term2/CS143-Compilers/llvmbuild/CMakeFiles/CMakeTmp

Run Build Command:"/usr/bin/make" "cmTC_6cee9/fast"
/usr/bin/make -f CMakeFiles/cmTC_6cee9.dir/build.make CMakeFiles/cmTC_6cee9.dir/build
make[1]: Entering directory '/home/vitowu/Documents/CourseMaterials/CourseMaterials/2018-2019_Term2/CS143-Compilers/llvmbuild/CMakeFiles/CMakeTmp'
Building C object CMakeFiles/cmTC_6cee9.dir/CheckIncludeFile.c.o
/usr/bin/cc    -o CMakeFiles/cmTC_6cee9.dir/CheckIncludeFile.c.o   -c /home/vitowu/Documents/CourseMaterials/CourseMaterials/2018-2019_Term2/CS143-Compilers/llvmbuild/CMakeFiles/CMakeTmp/CheckIncludeFile.c
/home/vitowu/Documents/CourseMaterials/CourseMaterials/2018-2019_Term2/CS143-Compilers/llvmbuild/CMakeFiles/CMakeTmp/CheckIncludeFile.c:1:10: fatal error: sys/ndir.h: No such file or directory
 #include <sys/ndir.h>
          ^~~~~~~~~~~~
compilation terminated.
CMakeFiles/cmTC_6cee9.dir/build.make:65: recipe for target 'CMakeFiles/cmTC_6cee9.dir/CheckIncludeFile.c.o' failed
make[1]: *** [CMakeFiles/cmTC_6cee9.dir/CheckIncludeFile.c.o] Error 1
make[1]: Leaving directory '/home/vitowu/Documents/CourseMaterials/CourseMaterials/2018-2019_Term2/CS143-Compilers/llvmbuild/CMakeFiles/CMakeTmp'
Makefile:126: recipe for target 'cmTC_6cee9/fast' failed
make: *** [cmTC_6cee9/fast] Error 2


Determining if the include file mach/mach.h exists failed with the following output:
Change Dir: /home/vitowu/Documents/CourseMaterials/CourseMaterials/2018-2019_Term2/CS143-Compilers/llvmbuild/CMakeFiles/CMakeTmp

Run Build Command:"/usr/bin/make" "cmTC_8fa5a/fast"
/usr/bin/make -f CMakeFiles/cmTC_8fa5a.dir/build.make CMakeFiles/cmTC_8fa5a.dir/build
make[1]: Entering directory '/home/vitowu/Documents/CourseMaterials/CourseMaterials/2018-2019_Term2/CS143-Compilers/llvmbuild/CMakeFiles/CMakeTmp'
Building C object CMakeFiles/cmTC_8fa5a.dir/CheckIncludeFile.c.o
/usr/bin/cc    -o CMakeFiles/cmTC_8fa5a.dir/CheckIncludeFile.c.o   -c /home/vitowu/Documents/CourseMaterials/CourseMaterials/2018-2019_Term2/CS143-Compilers/llvmbuild/CMakeFiles/CMakeTmp/CheckIncludeFile.c
/home/vitowu/Documents/CourseMaterials/CourseMaterials/2018-2019_Term2/CS143-Compilers/llvmbuild/CMakeFiles/CMakeTmp/CheckIncludeFile.c:1:10: fatal error: mach/mach.h: No such file or directory
 #include <mach/mach.h>
          ^~~~~~~~~~~~~
compilation terminated.
CMakeFiles/cmTC_8fa5a.dir/build.make:65: recipe for target 'CMakeFiles/cmTC_8fa5a.dir/CheckIncludeFile.c.o' failed
make[1]: *** [CMakeFiles/cmTC_8fa5a.dir/CheckIncludeFile.c.o] Error 1
make[1]: Leaving directory '/home/vitowu/Documents/CourseMaterials/CourseMaterials/2018-2019_Term2/CS143-Compilers/llvmbuild/CMakeFiles/CMakeTmp'
Makefile:126: recipe for target 'cmTC_8fa5a/fast' failed
make: *** [cmTC_8fa5a/fast] Error 2


Determining if the include file histedit.h exists failed with the following output:
Change Dir: /home/vitowu/Documents/CourseMaterials/CourseMaterials/2018-2019_Term2/CS143-Compilers/llvmbuild/CMakeFiles/CMakeTmp

Run Build Command:"/usr/bin/make" "cmTC_fcdf8/fast"
/usr/bin/make -f CMakeFiles/cmTC_fcdf8.dir/build.make CMakeFiles/cmTC_fcdf8.dir/build
make[1]: Entering directory '/home/vitowu/Documents/CourseMaterials/CourseMaterials/2018-2019_Term2/CS143-Compilers/llvmbuild/CMakeFiles/CMakeTmp'
Building C object CMakeFiles/cmTC_fcdf8.dir/CheckIncludeFile.c.o
/usr/bin/cc    -o CMakeFiles/cmTC_fcdf8.dir/CheckIncludeFile.c.o   -c /home/vitowu/Documents/CourseMaterials/CourseMaterials/2018-2019_Term2/CS143-Compilers/llvmbuild/CMakeFiles/CMakeTmp/CheckIncludeFile.c
/home/vitowu/Documents/CourseMaterials/CourseMaterials/2018-2019_Term2/CS143-Compilers/llvmbuild/CMakeFiles/CMakeTmp/CheckIncludeFile.c:1:10: fatal error: histedit.h: No such file or directory
 #include <histedit.h>
          ^~~~~~~~~~~~
compilation terminated.
CMakeFiles/cmTC_fcdf8.dir/build.make:65: recipe for target 'CMakeFiles/cmTC_fcdf8.dir/CheckIncludeFile.c.o' failed
make[1]: *** [CMakeFiles/cmTC_fcdf8.dir/CheckIncludeFile.c.o] Error 1
make[1]: Leaving directory '/home/vitowu/Documents/CourseMaterials/CourseMaterials/2018-2019_Term2/CS143-Compilers/llvmbuild/CMakeFiles/CMakeTmp'
Makefile:126: recipe for target 'cmTC_fcdf8/fast' failed
make: *** [cmTC_fcdf8/fast] Error 2


Determining if the include file CrashReporterClient.h exists failed with the following output:
Change Dir: /home/vitowu/Documents/CourseMaterials/CourseMaterials/2018-2019_Term2/CS143-Compilers/llvmbuild/CMakeFiles/CMakeTmp

Run Build Command:"/usr/bin/make" "cmTC_d5f69/fast"
/usr/bin/make -f CMakeFiles/cmTC_d5f69.dir/build.make CMakeFiles/cmTC_d5f69.dir/build
make[1]: Entering directory '/home/vitowu/Documents/CourseMaterials/CourseMaterials/2018-2019_Term2/CS143-Compilers/llvmbuild/CMakeFiles/CMakeTmp'
Building C object CMakeFiles/cmTC_d5f69.dir/CheckIncludeFile.c.o
/usr/bin/cc    -o CMakeFiles/cmTC_d5f69.dir/CheckIncludeFile.c.o   -c /home/vitowu/Documents/CourseMaterials/CourseMaterials/2018-2019_Term2/CS143-Compilers/llvmbuild/CMakeFiles/CMakeTmp/CheckIncludeFile.c
/home/vitowu/Documents/CourseMaterials/CourseMaterials/2018-2019_Term2/CS143-Compilers/llvmbuild/CMakeFiles/CMakeTmp/CheckIncludeFile.c:1:10: fatal error: CrashReporterClient.h: No such file or directory
 #include <CrashReporterClient.h>
          ^~~~~~~~~~~~~~~~~~~~~~~
compilation terminated.
CMakeFiles/cmTC_d5f69.dir/build.make:65: recipe for target 'CMakeFiles/cmTC_d5f69.dir/CheckIncludeFile.c.o' failed
make[1]: *** [CMakeFiles/cmTC_d5f69.dir/CheckIncludeFile.c.o] Error 1
make[1]: Leaving directory '/home/vitowu/Documents/CourseMaterials/CourseMaterials/2018-2019_Term2/CS143-Compilers/llvmbuild/CMakeFiles/CMakeTmp'
Makefile:126: recipe for target 'cmTC_d5f69/fast' failed
make: *** [cmTC_d5f69/fast] Error 2


Determining if the pthread_create exist failed with the following output:
Change Dir: /home/vitowu/Documents/CourseMaterials/CourseMaterials/2018-2019_Term2/CS143-Compilers/llvmbuild/CMakeFiles/CMakeTmp

Run Build Command:"/usr/bin/make" "cmTC_1e153/fast"
/usr/bin/make -f CMakeFiles/cmTC_1e153.dir/build.make CMakeFiles/cmTC_1e153.dir/build
make[1]: Entering directory '/home/vitowu/Documents/CourseMaterials/CourseMaterials/2018-2019_Term2/CS143-Compilers/llvmbuild/CMakeFiles/CMakeTmp'
Building C object CMakeFiles/cmTC_1e153.dir/CheckSymbolExists.c.o
/usr/bin/cc    -o CMakeFiles/cmTC_1e153.dir/CheckSymbolExists.c.o   -c /home/vitowu/Documents/CourseMaterials/CourseMaterials/2018-2019_Term2/CS143-Compilers/llvmbuild/CMakeFiles/CMakeTmp/CheckSymbolExists.c
Linking C executable cmTC_1e153
/usr/bin/cmake -E cmake_link_script CMakeFiles/cmTC_1e153.dir/link.txt --verbose=1
/usr/bin/cc      CMakeFiles/cmTC_1e153.dir/CheckSymbolExists.c.o  -o cmTC_1e153 -lm 
CMakeFiles/cmTC_1e153.dir/CheckSymbolExists.c.o: In function `main':
CheckSymbolExists.c:(.text+0x1b): undefined reference to `pthread_create'
collect2: error: ld returned 1 exit status
CMakeFiles/cmTC_1e153.dir/build.make:97: recipe for target 'cmTC_1e153' failed
make[1]: *** [cmTC_1e153] Error 1
make[1]: Leaving directory '/home/vitowu/Documents/CourseMaterials/CourseMaterials/2018-2019_Term2/CS143-Compilers/llvmbuild/CMakeFiles/CMakeTmp'
Makefile:126: recipe for target 'cmTC_1e153/fast' failed
make: *** [cmTC_1e153/fast] Error 2

File /home/vitowu/Documents/CourseMaterials/CourseMaterials/2018-2019_Term2/CS143-Compilers/llvmbuild/CMakeFiles/CMakeTmp/CheckSymbolExists.c:
/* */
#include <pthread.h>

int main(int argc, char** argv)
{
  (void)argv;
#ifndef pthread_create
  return ((int*)(&pthread_create))[argc];
#else
  (void)argc;
  return 0;
#endif
}

Determining if the function pthread_create exists in the pthreads failed with the following output:
Change Dir: /home/vitowu/Documents/CourseMaterials/CourseMaterials/2018-2019_Term2/CS143-Compilers/llvmbuild/CMakeFiles/CMakeTmp

Run Build Command:"/usr/bin/make" "cmTC_7dda9/fast"
/usr/bin/make -f CMakeFiles/cmTC_7dda9.dir/build.make CMakeFiles/cmTC_7dda9.dir/build
make[1]: Entering directory '/home/vitowu/Documents/CourseMaterials/CourseMaterials/2018-2019_Term2/CS143-Compilers/llvmbuild/CMakeFiles/CMakeTmp'
Building C object CMakeFiles/cmTC_7dda9.dir/CheckFunctionExists.c.o
/usr/bin/cc   -DCHECK_FUNCTION_EXISTS=pthread_create   -o CMakeFiles/cmTC_7dda9.dir/CheckFunctionExists.c.o   -c /usr/share/cmake-3.10/Modules/CheckFunctionExists.c
Linking C executable cmTC_7dda9
/usr/bin/cmake -E cmake_link_script CMakeFiles/cmTC_7dda9.dir/link.txt --verbose=1
/usr/bin/cc  -DCHECK_FUNCTION_EXISTS=pthread_create    CMakeFiles/cmTC_7dda9.dir/CheckFunctionExists.c.o  -o cmTC_7dda9 -lpthreads -lm 
/usr/bin/ld: cannot find -lpthreads
collect2: error: ld returned 1 exit status
CMakeFiles/cmTC_7dda9.dir/build.make:97: recipe for target 'cmTC_7dda9' failed
make[1]: *** [cmTC_7dda9] Error 1
make[1]: Leaving directory '/home/vitowu/Documents/CourseMaterials/CourseMaterials/2018-2019_Term2/CS143-Compilers/llvmbuild/CMakeFiles/CMakeTmp'
Makefile:126: recipe for target 'cmTC_7dda9/fast' failed
make: *** [cmTC_7dda9/fast] Error 2


Determining if the function xar_open exists in the xar failed with the following output:
Change Dir: /home/vitowu/Documents/CourseMaterials/CourseMaterials/2018-2019_Term2/CS143-Compilers/llvmbuild/CMakeFiles/CMakeTmp

Run Build Command:"/usr/bin/make" "cmTC_8beb9/fast"
/usr/bin/make -f CMakeFiles/cmTC_8beb9.dir/build.make CMakeFiles/cmTC_8beb9.dir/build
make[1]: Entering directory '/home/vitowu/Documents/CourseMaterials/CourseMaterials/2018-2019_Term2/CS143-Compilers/llvmbuild/CMakeFiles/CMakeTmp'
Building C object CMakeFiles/cmTC_8beb9.dir/CheckFunctionExists.c.o
/usr/bin/cc   -DCHECK_FUNCTION_EXISTS=xar_open   -o CMakeFiles/cmTC_8beb9.dir/CheckFunctionExists.c.o   -c /usr/share/cmake-3.10/Modules/CheckFunctionExists.c
Linking C executable cmTC_8beb9
/usr/bin/cmake -E cmake_link_script CMakeFiles/cmTC_8beb9.dir/link.txt --verbose=1
/usr/bin/cc  -DCHECK_FUNCTION_EXISTS=xar_open    CMakeFiles/cmTC_8beb9.dir/CheckFunctionExists.c.o  -o cmTC_8beb9 -lxar -lm 
/usr/bin/ld: cannot find -lxar
collect2: error: ld returned 1 exit status
CMakeFiles/cmTC_8beb9.dir/build.make:97: recipe for target 'cmTC_8beb9' failed
make[1]: *** [cmTC_8beb9] Error 1
make[1]: Leaving directory '/home/vitowu/Documents/CourseMaterials/CourseMaterials/2018-2019_Term2/CS143-Compilers/llvmbuild/CMakeFiles/CMakeTmp'
Makefile:126: recipe for target 'cmTC_8beb9/fast' failed
make: *** [cmTC_8beb9/fast] Error 2


Determining if the arc4random exist failed with the following output:
Change Dir: /home/vitowu/Documents/CourseMaterials/CourseMaterials/2018-2019_Term2/CS143-Compilers/llvmbuild/CMakeFiles/CMakeTmp

Run Build Command:"/usr/bin/make" "cmTC_71f65/fast"
/usr/bin/make -f CMakeFiles/cmTC_71f65.dir/build.make CMakeFiles/cmTC_71f65.dir/build
make[1]: Entering directory '/home/vitowu/Documents/CourseMaterials/CourseMaterials/2018-2019_Term2/CS143-Compilers/llvmbuild/CMakeFiles/CMakeTmp'
Building C object CMakeFiles/cmTC_71f65.dir/CheckSymbolExists.c.o
/usr/bin/cc    -o CMakeFiles/cmTC_71f65.dir/CheckSymbolExists.c.o   -c /home/vitowu/Documents/CourseMaterials/CourseMaterials/2018-2019_Term2/CS143-Compilers/llvmbuild/CMakeFiles/CMakeTmp/CheckSymbolExists.c
/home/vitowu/Documents/CourseMaterials/CourseMaterials/2018-2019_Term2/CS143-Compilers/llvmbuild/CMakeFiles/CMakeTmp/CheckSymbolExists.c: In function ‘main’:
/home/vitowu/Documents/CourseMaterials/CourseMaterials/2018-2019_Term2/CS143-Compilers/llvmbuild/CMakeFiles/CMakeTmp/CheckSymbolExists.c:8:19: error: ‘arc4random’ undeclared (first use in this function); did you mean ‘srandom’?
   return ((int*)(&arc4random))[argc];
                   ^~~~~~~~~~
                   srandom
/home/vitowu/Documents/CourseMaterials/CourseMaterials/2018-2019_Term2/CS143-Compilers/llvmbuild/CMakeFiles/CMakeTmp/CheckSymbolExists.c:8:19: note: each undeclared identifier is reported only once for each function it appears in
CMakeFiles/cmTC_71f65.dir/build.make:65: recipe for target 'CMakeFiles/cmTC_71f65.dir/CheckSymbolExists.c.o' failed
make[1]: *** [CMakeFiles/cmTC_71f65.dir/CheckSymbolExists.c.o] Error 1
make[1]: Leaving directory '/home/vitowu/Documents/CourseMaterials/CourseMaterials/2018-2019_Term2/CS143-Compilers/llvmbuild/CMakeFiles/CMakeTmp'
Makefile:126: recipe for target 'cmTC_71f65/fast' failed
make: *** [cmTC_71f65/fast] Error 2

File /home/vitowu/Documents/CourseMaterials/CourseMaterials/2018-2019_Term2/CS143-Compilers/llvmbuild/CMakeFiles/CMakeTmp/CheckSymbolExists.c:
/* */
#include <stdlib.h>

int main(int argc, char** argv)
{
  (void)argv;
#ifndef arc4random
  return ((int*)(&arc4random))[argc];
#else
  (void)argc;
  return 0;
#endif
}

Determining if the mallctl exist failed with the following output:
Change Dir: /home/vitowu/Documents/CourseMaterials/CourseMaterials/2018-2019_Term2/CS143-Compilers/llvmbuild/CMakeFiles/CMakeTmp

Run Build Command:"/usr/bin/make" "cmTC_89af0/fast"
/usr/bin/make -f CMakeFiles/cmTC_89af0.dir/build.make CMakeFiles/cmTC_89af0.dir/build
make[1]: Entering directory '/home/vitowu/Documents/CourseMaterials/CourseMaterials/2018-2019_Term2/CS143-Compilers/llvmbuild/CMakeFiles/CMakeTmp'
Building C object CMakeFiles/cmTC_89af0.dir/CheckSymbolExists.c.o
/usr/bin/cc    -o CMakeFiles/cmTC_89af0.dir/CheckSymbolExists.c.o   -c /home/vitowu/Documents/CourseMaterials/CourseMaterials/2018-2019_Term2/CS143-Compilers/llvmbuild/CMakeFiles/CMakeTmp/CheckSymbolExists.c
/home/vitowu/Documents/CourseMaterials/CourseMaterials/2018-2019_Term2/CS143-Compilers/llvmbuild/CMakeFiles/CMakeTmp/CheckSymbolExists.c:2:10: fatal error: malloc_np.h: No such file or directory
 #include <malloc_np.h>
          ^~~~~~~~~~~~~
compilation terminated.
CMakeFiles/cmTC_89af0.dir/build.make:65: recipe for target 'CMakeFiles/cmTC_89af0.dir/CheckSymbolExists.c.o' failed
make[1]: *** [CMakeFiles/cmTC_89af0.dir/CheckSymbolExists.c.o] Error 1
make[1]: Leaving directory '/home/vitowu/Documents/CourseMaterials/CourseMaterials/2018-2019_Term2/CS143-Compilers/llvmbuild/CMakeFiles/CMakeTmp'
Makefile:126: recipe for target 'cmTC_89af0/fast' failed
make: *** [cmTC_89af0/fast] Error 2

File /home/vitowu/Documents/CourseMaterials/CourseMaterials/2018-2019_Term2/CS143-Compilers/llvmbuild/CMakeFiles/CMakeTmp/CheckSymbolExists.c:
/* */
#include <malloc_np.h>

int main(int argc, char** argv)
{
  (void)argv;
#ifndef mallctl
  return ((int*)(&mallctl))[argc];
#else
  (void)argc;
  return 0;
#endif
}

Determining if the malloc_zone_statistics exist failed with the following output:
Change Dir: /home/vitowu/Documents/CourseMaterials/CourseMaterials/2018-2019_Term2/CS143-Compilers/llvmbuild/CMakeFiles/CMakeTmp

Run Build Command:"/usr/bin/make" "cmTC_624d0/fast"
/usr/bin/make -f CMakeFiles/cmTC_624d0.dir/build.make CMakeFiles/cmTC_624d0.dir/build
make[1]: Entering directory '/home/vitowu/Documents/CourseMaterials/CourseMaterials/2018-2019_Term2/CS143-Compilers/llvmbuild/CMakeFiles/CMakeTmp'
Building C object CMakeFiles/cmTC_624d0.dir/CheckSymbolExists.c.o
/usr/bin/cc    -o CMakeFiles/cmTC_624d0.dir/CheckSymbolExists.c.o   -c /home/vitowu/Documents/CourseMaterials/CourseMaterials/2018-2019_Term2/CS143-Compilers/llvmbuild/CMakeFiles/CMakeTmp/CheckSymbolExists.c
/home/vitowu/Documents/CourseMaterials/CourseMaterials/2018-2019_Term2/CS143-Compilers/llvmbuild/CMakeFiles/CMakeTmp/CheckSymbolExists.c:2:10: fatal error: malloc/malloc.h: No such file or directory
 #include <malloc/malloc.h>
          ^~~~~~~~~~~~~~~~~
compilation terminated.
CMakeFiles/cmTC_624d0.dir/build.make:65: recipe for target 'CMakeFiles/cmTC_624d0.dir/CheckSymbolExists.c.o' failed
make[1]: *** [CMakeFiles/cmTC_624d0.dir/CheckSymbolExists.c.o] Error 1
make[1]: Leaving directory '/home/vitowu/Documents/CourseMaterials/CourseMaterials/2018-2019_Term2/CS143-Compilers/llvmbuild/CMakeFiles/CMakeTmp'
Makefile:126: recipe for target 'cmTC_624d0/fast' failed
make: *** [cmTC_624d0/fast] Error 2

File /home/vitowu/Documents/CourseMaterials/CourseMaterials/2018-2019_Term2/CS143-Compilers/llvmbuild/CMakeFiles/CMakeTmp/CheckSymbolExists.c:
/* */
#include <malloc/malloc.h>

int main(int argc, char** argv)
{
  (void)argv;
#ifndef malloc_zone_statistics
  return ((int*)(&malloc_zone_statistics))[argc];
#else
  (void)argc;
  return 0;
#endif
}

Determining if the strerror_s exist failed with the following output:
Change Dir: /home/vitowu/Documents/CourseMaterials/CourseMaterials/2018-2019_Term2/CS143-Compilers/llvmbuild/CMakeFiles/CMakeTmp

Run Build Command:"/usr/bin/make" "cmTC_d8e37/fast"
/usr/bin/make -f CMakeFiles/cmTC_d8e37.dir/build.make CMakeFiles/cmTC_d8e37.dir/build
make[1]: Entering directory '/home/vitowu/Documents/CourseMaterials/CourseMaterials/2018-2019_Term2/CS143-Compilers/llvmbuild/CMakeFiles/CMakeTmp'
Building C object CMakeFiles/cmTC_d8e37.dir/CheckSymbolExists.c.o
/usr/bin/cc    -o CMakeFiles/cmTC_d8e37.dir/CheckSymbolExists.c.o   -c /home/vitowu/Documents/CourseMaterials/CourseMaterials/2018-2019_Term2/CS143-Compilers/llvmbuild/CMakeFiles/CMakeTmp/CheckSymbolExists.c
/home/vitowu/Documents/CourseMaterials/CourseMaterials/2018-2019_Term2/CS143-Compilers/llvmbuild/CMakeFiles/CMakeTmp/CheckSymbolExists.c: In function ‘main’:
/home/vitowu/Documents/CourseMaterials/CourseMaterials/2018-2019_Term2/CS143-Compilers/llvmbuild/CMakeFiles/CMakeTmp/CheckSymbolExists.c:8:19: error: ‘strerror_s’ undeclared (first use in this function); did you mean ‘strerror_l’?
   return ((int*)(&strerror_s))[argc];
                   ^~~~~~~~~~
                   strerror_l
/home/vitowu/Documents/CourseMaterials/CourseMaterials/2018-2019_Term2/CS143-Compilers/llvmbuild/CMakeFiles/CMakeTmp/CheckSymbolExists.c:8:19: note: each undeclared identifier is reported only once for each function it appears in
CMakeFiles/cmTC_d8e37.dir/build.make:65: recipe for target 'CMakeFiles/cmTC_d8e37.dir/CheckSymbolExists.c.o' failed
make[1]: *** [CMakeFiles/cmTC_d8e37.dir/CheckSymbolExists.c.o] Error 1
make[1]: Leaving directory '/home/vitowu/Documents/CourseMaterials/CourseMaterials/2018-2019_Term2/CS143-Compilers/llvmbuild/CMakeFiles/CMakeTmp'
Makefile:126: recipe for target 'cmTC_d8e37/fast' failed
make: *** [cmTC_d8e37/fast] Error 2

File /home/vitowu/Documents/CourseMaterials/CourseMaterials/2018-2019_Term2/CS143-Compilers/llvmbuild/CMakeFiles/CMakeTmp/CheckSymbolExists.c:
/* */
#include <string.h>

int main(int argc, char** argv)
{
  (void)argv;
#ifndef strerror_s
  return ((int*)(&strerror_s))[argc];
#else
  (void)argc;
  return 0;
#endif
}

Determining if the dladdr exist failed with the following output:
Change Dir: /home/vitowu/Documents/CourseMaterials/CourseMaterials/2018-2019_Term2/CS143-Compilers/llvmbuild/CMakeFiles/CMakeTmp

Run Build Command:"/usr/bin/make" "cmTC_81fb7/fast"
/usr/bin/make -f CMakeFiles/cmTC_81fb7.dir/build.make CMakeFiles/cmTC_81fb7.dir/build
make[1]: Entering directory '/home/vitowu/Documents/CourseMaterials/CourseMaterials/2018-2019_Term2/CS143-Compilers/llvmbuild/CMakeFiles/CMakeTmp'
Building C object CMakeFiles/cmTC_81fb7.dir/CheckSymbolExists.c.o
/usr/bin/cc    -o CMakeFiles/cmTC_81fb7.dir/CheckSymbolExists.c.o   -c /home/vitowu/Documents/CourseMaterials/CourseMaterials/2018-2019_Term2/CS143-Compilers/llvmbuild/CMakeFiles/CMakeTmp/CheckSymbolExists.c
/home/vitowu/Documents/CourseMaterials/CourseMaterials/2018-2019_Term2/CS143-Compilers/llvmbuild/CMakeFiles/CMakeTmp/CheckSymbolExists.c: In function ‘main’:
/home/vitowu/Documents/CourseMaterials/CourseMaterials/2018-2019_Term2/CS143-Compilers/llvmbuild/CMakeFiles/CMakeTmp/CheckSymbolExists.c:8:19: error: ‘dladdr’ undeclared (first use in this function)
   return ((int*)(&dladdr))[argc];
                   ^~~~~~
/home/vitowu/Documents/CourseMaterials/CourseMaterials/2018-2019_Term2/CS143-Compilers/llvmbuild/CMakeFiles/CMakeTmp/CheckSymbolExists.c:8:19: note: each undeclared identifier is reported only once for each function it appears in
CMakeFiles/cmTC_81fb7.dir/build.make:65: recipe for target 'CMakeFiles/cmTC_81fb7.dir/CheckSymbolExists.c.o' failed
make[1]: *** [CMakeFiles/cmTC_81fb7.dir/CheckSymbolExists.c.o] Error 1
make[1]: Leaving directory '/home/vitowu/Documents/CourseMaterials/CourseMaterials/2018-2019_Term2/CS143-Compilers/llvmbuild/CMakeFiles/CMakeTmp'
Makefile:126: recipe for target 'cmTC_81fb7/fast' failed
make: *** [cmTC_81fb7/fast] Error 2

File /home/vitowu/Documents/CourseMaterials/CourseMaterials/2018-2019_Term2/CS143-Compilers/llvmbuild/CMakeFiles/CMakeTmp/CheckSymbolExists.c:
/* */
#include <dlfcn.h>

int main(int argc, char** argv)
{
  (void)argv;
#ifndef dladdr
  return ((int*)(&dladdr))[argc];
#else
  (void)argc;
  return 0;
#endif
}

Performing C++ SOURCE FILE Test SUPPORTS_GNU_ZERO_VARIADIC_MACRO_ARGUMENTS_FLAG failed with the following output:
Change Dir: /home/vitowu/Documents/CourseMaterials/CourseMaterials/2018-2019_Term2/CS143-Compilers/llvmbuild/CMakeFiles/CMakeTmp

Run Build Command:"/usr/bin/make" "cmTC_733cb/fast"
/usr/bin/make -f CMakeFiles/cmTC_733cb.dir/build.make CMakeFiles/cmTC_733cb.dir/build
make[1]: Entering directory '/home/vitowu/Documents/CourseMaterials/CourseMaterials/2018-2019_Term2/CS143-Compilers/llvmbuild/CMakeFiles/CMakeTmp'
Building CXX object CMakeFiles/cmTC_733cb.dir/src.cxx.o
/usr/bin/c++    -DSUPPORTS_GNU_ZERO_VARIADIC_MACRO_ARGUMENTS_FLAG   -Wgnu-zero-variadic-macro-arguments -o CMakeFiles/cmTC_733cb.dir/src.cxx.o -c /home/vitowu/Documents/CourseMaterials/CourseMaterials/2018-2019_Term2/CS143-Compilers/llvmbuild/CMakeFiles/CMakeTmp/src.cxx
c++: error: unrecognized command line option '-Wgnu-zero-variadic-macro-arguments'; did you mean '-Wno-variadic-macros'?
CMakeFiles/cmTC_733cb.dir/build.make:65: recipe for target 'CMakeFiles/cmTC_733cb.dir/src.cxx.o' failed
make[1]: *** [CMakeFiles/cmTC_733cb.dir/src.cxx.o] Error 1
make[1]: Leaving directory '/home/vitowu/Documents/CourseMaterials/CourseMaterials/2018-2019_Term2/CS143-Compilers/llvmbuild/CMakeFiles/CMakeTmp'
Makefile:126: recipe for target 'cmTC_733cb/fast' failed
make: *** [cmTC_733cb/fast] Error 2

Source file was:
int main() { return 0; }
Performing C SOURCE FILE Test C_SUPPORTS_COVERED_SWITCH_DEFAULT_FLAG failed with the following output:
Change Dir: /home/vitowu/Documents/CourseMaterials/CourseMaterials/2018-2019_Term2/CS143-Compilers/llvmbuild/CMakeFiles/CMakeTmp

Run Build Command:"/usr/bin/make" "cmTC_25d6a/fast"
/usr/bin/make -f CMakeFiles/cmTC_25d6a.dir/build.make CMakeFiles/cmTC_25d6a.dir/build
make[1]: Entering directory '/home/vitowu/Documents/CourseMaterials/CourseMaterials/2018-2019_Term2/CS143-Compilers/llvmbuild/CMakeFiles/CMakeTmp'
Building C object CMakeFiles/cmTC_25d6a.dir/src.c.o
/usr/bin/cc   -fPIC -Werror=date-time -Wall -W -Wno-unused-parameter -Wwrite-strings -Wno-missing-field-initializers -pedantic -Wno-long-long -DC_SUPPORTS_COVERED_SWITCH_DEFAULT_FLAG   -Werror -Wcovered-switch-default -o CMakeFiles/cmTC_25d6a.dir/src.c.o   -c /home/vitowu/Documents/CourseMaterials/CourseMaterials/2018-2019_Term2/CS143-Compilers/llvmbuild/CMakeFiles/CMakeTmp/src.c
cc: error: unrecognized command line option '-Wcovered-switch-default'; did you mean '-Wno-switch-default'?
CMakeFiles/cmTC_25d6a.dir/build.make:65: recipe for target 'CMakeFiles/cmTC_25d6a.dir/src.c.o' failed
make[1]: *** [CMakeFiles/cmTC_25d6a.dir/src.c.o] Error 1
make[1]: Leaving directory '/home/vitowu/Documents/CourseMaterials/CourseMaterials/2018-2019_Term2/CS143-Compilers/llvmbuild/CMakeFiles/CMakeTmp'
Makefile:126: recipe for target 'cmTC_25d6a/fast' failed
make: *** [cmTC_25d6a/fast] Error 2

Source file was:
int main(void) { return 0; }
Performing C++ SOURCE FILE Test CXX_SUPPORTS_COVERED_SWITCH_DEFAULT_FLAG failed with the following output:
Change Dir: /home/vitowu/Documents/CourseMaterials/CourseMaterials/2018-2019_Term2/CS143-Compilers/llvmbuild/CMakeFiles/CMakeTmp

Run Build Command:"/usr/bin/make" "cmTC_958f2/fast"
/usr/bin/make -f CMakeFiles/cmTC_958f2.dir/build.make CMakeFiles/cmTC_958f2.dir/build
make[1]: Entering directory '/home/vitowu/Documents/CourseMaterials/CourseMaterials/2018-2019_Term2/CS143-Compilers/llvmbuild/CMakeFiles/CMakeTmp'
Building CXX object CMakeFiles/cmTC_958f2.dir/src.cxx.o
/usr/bin/c++    -fPIC -fvisibility-inlines-hidden -Werror=date-time -std=c++11 -Wall -W -Wno-unused-parameter -Wwrite-strings -Wcast-qual -Wno-missing-field-initializers -pedantic -Wno-long-long -DCXX_SUPPORTS_COVERED_SWITCH_DEFAULT_FLAG   -Werror -Wcovered-switch-default -o CMakeFiles/cmTC_958f2.dir/src.cxx.o -c /home/vitowu/Documents/CourseMaterials/CourseMaterials/2018-2019_Term2/CS143-Compilers/llvmbuild/CMakeFiles/CMakeTmp/src.cxx
c++: error: unrecognized command line option '-Wcovered-switch-default'; did you mean '-Wno-switch-default'?
CMakeFiles/cmTC_958f2.dir/build.make:65: recipe for target 'CMakeFiles/cmTC_958f2.dir/src.cxx.o' failed
make[1]: *** [CMakeFiles/cmTC_958f2.dir/src.cxx.o] Error 1
make[1]: Leaving directory '/home/vitowu/Documents/CourseMaterials/CourseMaterials/2018-2019_Term2/CS143-Compilers/llvmbuild/CMakeFiles/CMakeTmp'
Makefile:126: recipe for target 'cmTC_958f2/fast' failed
make: *** [cmTC_958f2/fast] Error 2

Source file was:
int main() { return 0; }
Performing C SOURCE FILE Test C_SUPPORTS_DELETE_NON_VIRTUAL_DTOR_FLAG failed with the following output:
Change Dir: /home/vitowu/Documents/CourseMaterials/CourseMaterials/2018-2019_Term2/CS143-Compilers/llvmbuild/CMakeFiles/CMakeTmp

Run Build Command:"/usr/bin/make" "cmTC_8fc58/fast"
/usr/bin/make -f CMakeFiles/cmTC_8fc58.dir/build.make CMakeFiles/cmTC_8fc58.dir/build
make[1]: Entering directory '/home/vitowu/Documents/CourseMaterials/CourseMaterials/2018-2019_Term2/CS143-Compilers/llvmbuild/CMakeFiles/CMakeTmp'
Building C object CMakeFiles/cmTC_8fc58.dir/src.c.o
/usr/bin/cc   -fPIC -Werror=date-time -Wall -W -Wno-unused-parameter -Wwrite-strings -Wno-missing-field-initializers -pedantic -Wno-long-long -DC_SUPPORTS_DELETE_NON_VIRTUAL_DTOR_FLAG   -Werror -Wdelete-non-virtual-dtor -o CMakeFiles/cmTC_8fc58.dir/src.c.o   -c /home/vitowu/Documents/CourseMaterials/CourseMaterials/2018-2019_Term2/CS143-Compilers/llvmbuild/CMakeFiles/CMakeTmp/src.c
cc1: error: command line option '-Wdelete-non-virtual-dtor' is valid for C++/ObjC++ but not for C [-Werror]
cc1: all warnings being treated as errors
CMakeFiles/cmTC_8fc58.dir/build.make:65: recipe for target 'CMakeFiles/cmTC_8fc58.dir/src.c.o' failed
make[1]: *** [CMakeFiles/cmTC_8fc58.dir/src.c.o] Error 1
make[1]: Leaving directory '/home/vitowu/Documents/CourseMaterials/CourseMaterials/2018-2019_Term2/CS143-Compilers/llvmbuild/CMakeFiles/CMakeTmp'
Makefile:126: recipe for target 'cmTC_8fc58/fast' failed
make: *** [cmTC_8fc58/fast] Error 2

Source file was:
int main(void) { return 0; }
Performing C SOURCE FILE Test C_WCOMMENT_ALLOWS_LINE_WRAP failed with the following output:
Change Dir: /home/vitowu/Documents/CourseMaterials/CourseMaterials/2018-2019_Term2/CS143-Compilers/llvmbuild/CMakeFiles/CMakeTmp

Run Build Command:"/usr/bin/make" "cmTC_34a7a/fast"
/usr/bin/make -f CMakeFiles/cmTC_34a7a.dir/build.make CMakeFiles/cmTC_34a7a.dir/build
make[1]: Entering directory '/home/vitowu/Documents/CourseMaterials/CourseMaterials/2018-2019_Term2/CS143-Compilers/llvmbuild/CMakeFiles/CMakeTmp'
Building C object CMakeFiles/cmTC_34a7a.dir/src.c.o
/usr/bin/cc   -fPIC -Werror=date-time -Wall -W -Wno-unused-parameter -Wwrite-strings -Wno-missing-field-initializers -pedantic -Wno-long-long -DC_WCOMMENT_ALLOWS_LINE_WRAP  -Werror -Wcomment   -o CMakeFiles/cmTC_34a7a.dir/src.c.o   -c /home/vitowu/Documents/CourseMaterials/CourseMaterials/2018-2019_Term2/CS143-Compilers/llvmbuild/CMakeFiles/CMakeTmp/src.c
/home/vitowu/Documents/CourseMaterials/CourseMaterials/2018-2019_Term2/CS143-Compilers/llvmbuild/CMakeFiles/CMakeTmp/src.c:1:1: error: multi-line comment [-Werror=comment]
 // \
 ^
cc1: all warnings being treated as errors
CMakeFiles/cmTC_34a7a.dir/build.make:65: recipe for target 'CMakeFiles/cmTC_34a7a.dir/src.c.o' failed
make[1]: *** [CMakeFiles/cmTC_34a7a.dir/src.c.o] Error 1
make[1]: Leaving directory '/home/vitowu/Documents/CourseMaterials/CourseMaterials/2018-2019_Term2/CS143-Compilers/llvmbuild/CMakeFiles/CMakeTmp'
Makefile:126: recipe for target 'cmTC_34a7a/fast' failed
make: *** [cmTC_34a7a/fast] Error 2

Source file was:
// \
//
int main() {return 0;}
Performing C SOURCE FILE Test C_SUPPORTS_STRING_CONVERSION_FLAG failed with the following output:
Change Dir: /home/vitowu/Documents/CourseMaterials/CourseMaterials/2018-2019_Term2/CS143-Compilers/llvmbuild/CMakeFiles/CMakeTmp

Run Build Command:"/usr/bin/make" "cmTC_e0c55/fast"
/usr/bin/make -f CMakeFiles/cmTC_e0c55.dir/build.make CMakeFiles/cmTC_e0c55.dir/build
make[1]: Entering directory '/home/vitowu/Documents/CourseMaterials/CourseMaterials/2018-2019_Term2/CS143-Compilers/llvmbuild/CMakeFiles/CMakeTmp'
Building C object CMakeFiles/cmTC_e0c55.dir/src.c.o
/usr/bin/cc   -fPIC -Werror=date-time -Wall -W -Wno-unused-parameter -Wwrite-strings -Wno-missing-field-initializers -pedantic -Wno-long-long -Wno-comment -DC_SUPPORTS_STRING_CONVERSION_FLAG   -Werror -Wstring-conversion -o CMakeFiles/cmTC_e0c55.dir/src.c.o   -c /home/vitowu/Documents/CourseMaterials/CourseMaterials/2018-2019_Term2/CS143-Compilers/llvmbuild/CMakeFiles/CMakeTmp/src.c
cc: error: unrecognized command line option '-Wstring-conversion'; did you mean '-Wint-conversion'?
CMakeFiles/cmTC_e0c55.dir/build.make:65: recipe for target 'CMakeFiles/cmTC_e0c55.dir/src.c.o' failed
make[1]: *** [CMakeFiles/cmTC_e0c55.dir/src.c.o] Error 1
make[1]: Leaving directory '/home/vitowu/Documents/CourseMaterials/CourseMaterials/2018-2019_Term2/CS143-Compilers/llvmbuild/CMakeFiles/CMakeTmp'
Makefile:126: recipe for target 'cmTC_e0c55/fast' failed
make: *** [cmTC_e0c55/fast] Error 2

Source file was:
int main(void) { return 0; }
Performing C++ SOURCE FILE Test CXX_SUPPORTS_STRING_CONVERSION_FLAG failed with the following output:
Change Dir: /home/vitowu/Documents/CourseMaterials/CourseMaterials/2018-2019_Term2/CS143-Compilers/llvmbuild/CMakeFiles/CMakeTmp

Run Build Command:"/usr/bin/make" "cmTC_a8d2b/fast"
/usr/bin/make -f CMakeFiles/cmTC_a8d2b.dir/build.make CMakeFiles/cmTC_a8d2b.dir/build
make[1]: Entering directory '/home/vitowu/Documents/CourseMaterials/CourseMaterials/2018-2019_Term2/CS143-Compilers/llvmbuild/CMakeFiles/CMakeTmp'
Building CXX object CMakeFiles/cmTC_a8d2b.dir/src.cxx.o
/usr/bin/c++    -fPIC -fvisibility-inlines-hidden -Werror=date-time -std=c++11 -Wall -W -Wno-unused-parameter -Wwrite-strings -Wcast-qual -Wno-missing-field-initializers -pedantic -Wno-long-long -Wno-maybe-uninitialized -Wdelete-non-virtual-dtor -Wno-comment -DCXX_SUPPORTS_STRING_CONVERSION_FLAG   -Werror -Wstring-conversion -o CMakeFiles/cmTC_a8d2b.dir/src.cxx.o -c /home/vitowu/Documents/CourseMaterials/CourseMaterials/2018-2019_Term2/CS143-Compilers/llvmbuild/CMakeFiles/CMakeTmp/src.cxx
c++: error: unrecognized command line option '-Wstring-conversion'; did you mean '-Wint-conversion'?
CMakeFiles/cmTC_a8d2b.dir/build.make:65: recipe for target 'CMakeFiles/cmTC_a8d2b.dir/src.cxx.o' failed
make[1]: *** [CMakeFiles/cmTC_a8d2b.dir/src.cxx.o] Error 1
make[1]: Leaving directory '/home/vitowu/Documents/CourseMaterials/CourseMaterials/2018-2019_Term2/CS143-Compilers/llvmbuild/CMakeFiles/CMakeTmp'
Makefile:126: recipe for target 'cmTC_a8d2b/fast' failed
make: *** [cmTC_a8d2b/fast] Error 2

Source file was:
int main() { return 0; }
Performing C++ SOURCE FILE Test COMPILER_RT_HAS_FNO_SANITIZE_SAFE_STACK_FLAG failed with the following output:
Change Dir: /home/vitowu/Documents/CourseMaterials/CourseMaterials/2018-2019_Term2/CS143-Compilers/llvmbuild/CMakeFiles/CMakeTmp

Run Build Command:"/usr/bin/make" "cmTC_52a33/fast"
/usr/bin/make -f CMakeFiles/cmTC_52a33.dir/build.make CMakeFiles/cmTC_52a33.dir/build
make[1]: Entering directory '/home/vitowu/Documents/CourseMaterials/CourseMaterials/2018-2019_Term2/CS143-Compilers/llvmbuild/CMakeFiles/CMakeTmp'
Building CXX object CMakeFiles/cmTC_52a33.dir/src.cxx.o
/usr/bin/c++    -fPIC -fvisibility-inlines-hidden -Werror=date-time -std=c++11 -Wall -W -Wno-unused-parameter -Wwrite-strings -Wcast-qual -Wno-missing-field-initializers -pedantic -Wno-long-long -Wno-maybe-uninitialized -Wdelete-non-virtual-dtor -Wno-comment -ffunction-sections -fdata-sections -DCOMPILER_RT_HAS_FNO_SANITIZE_SAFE_STACK_FLAG   -fno-sanitize=safe-stack -o CMakeFiles/cmTC_52a33.dir/src.cxx.o -c /home/vitowu/Documents/CourseMaterials/CourseMaterials/2018-2019_Term2/CS143-Compilers/llvmbuild/CMakeFiles/CMakeTmp/src.cxx
c++: error: unrecognized argument to -fno-sanitize= option: 'safe-stack'
CMakeFiles/cmTC_52a33.dir/build.make:65: recipe for target 'CMakeFiles/cmTC_52a33.dir/src.cxx.o' failed
make[1]: *** [CMakeFiles/cmTC_52a33.dir/src.cxx.o] Error 1
make[1]: Leaving directory '/home/vitowu/Documents/CourseMaterials/CourseMaterials/2018-2019_Term2/CS143-Compilers/llvmbuild/CMakeFiles/CMakeTmp'
Makefile:126: recipe for target 'cmTC_52a33/fast' failed
make: *** [cmTC_52a33/fast] Error 2

Source file was:
int main() { return 0; }
Performing C++ SOURCE FILE Test COMPILER_RT_HAS_MCRC_FLAG failed with the following output:
Change Dir: /home/vitowu/Documents/CourseMaterials/CourseMaterials/2018-2019_Term2/CS143-Compilers/llvmbuild/CMakeFiles/CMakeTmp

Run Build Command:"/usr/bin/make" "cmTC_11c93/fast"
/usr/bin/make -f CMakeFiles/cmTC_11c93.dir/build.make CMakeFiles/cmTC_11c93.dir/build
make[1]: Entering directory '/home/vitowu/Documents/CourseMaterials/CourseMaterials/2018-2019_Term2/CS143-Compilers/llvmbuild/CMakeFiles/CMakeTmp'
Building CXX object CMakeFiles/cmTC_11c93.dir/src.cxx.o
/usr/bin/c++    -fPIC -fvisibility-inlines-hidden -Werror=date-time -std=c++11 -Wall -W -Wno-unused-parameter -Wwrite-strings -Wcast-qual -Wno-missing-field-initializers -pedantic -Wno-long-long -Wno-maybe-uninitialized -Wdelete-non-virtual-dtor -Wno-comment -ffunction-sections -fdata-sections -DCOMPILER_RT_HAS_MCRC_FLAG   -Werror -mcrc -o CMakeFiles/cmTC_11c93.dir/src.cxx.o -c /home/vitowu/Documents/CourseMaterials/CourseMaterials/2018-2019_Term2/CS143-Compilers/llvmbuild/CMakeFiles/CMakeTmp/src.cxx
c++: error: unrecognized command line option '-mcrc'; did you mean '-mcld'?
CMakeFiles/cmTC_11c93.dir/build.make:65: recipe for target 'CMakeFiles/cmTC_11c93.dir/src.cxx.o' failed
make[1]: *** [CMakeFiles/cmTC_11c93.dir/src.cxx.o] Error 1
make[1]: Leaving directory '/home/vitowu/Documents/CourseMaterials/CourseMaterials/2018-2019_Term2/CS143-Compilers/llvmbuild/CMakeFiles/CMakeTmp'
Makefile:126: recipe for target 'cmTC_11c93/fast' failed
make: *** [cmTC_11c93/fast] Error 2

Source file was:
int main() { return 0; }
Performing C++ SOURCE FILE Test COMPILER_RT_HAS_GR_FLAG failed with the following output:
Change Dir: /home/vitowu/Documents/CourseMaterials/CourseMaterials/2018-2019_Term2/CS143-Compilers/llvmbuild/CMakeFiles/CMakeTmp

Run Build Command:"/usr/bin/make" "cmTC_a2218/fast"
/usr/bin/make -f CMakeFiles/cmTC_a2218.dir/build.make CMakeFiles/cmTC_a2218.dir/build
make[1]: Entering directory '/home/vitowu/Documents/CourseMaterials/CourseMaterials/2018-2019_Term2/CS143-Compilers/llvmbuild/CMakeFiles/CMakeTmp'
Building CXX object CMakeFiles/cmTC_a2218.dir/src.cxx.o
/usr/bin/c++    -fPIC -fvisibility-inlines-hidden -Werror=date-time -std=c++11 -Wall -W -Wno-unused-parameter -Wwrite-strings -Wcast-qual -Wno-missing-field-initializers -pedantic -Wno-long-long -Wno-maybe-uninitialized -Wdelete-non-virtual-dtor -Wno-comment -ffunction-sections -fdata-sections -DCOMPILER_RT_HAS_GR_FLAG   /GR -o CMakeFiles/cmTC_a2218.dir/src.cxx.o -c /home/vitowu/Documents/CourseMaterials/CourseMaterials/2018-2019_Term2/CS143-Compilers/llvmbuild/CMakeFiles/CMakeTmp/src.cxx
c++: error: /GR: No such file or directory
CMakeFiles/cmTC_a2218.dir/build.make:65: recipe for target 'CMakeFiles/cmTC_a2218.dir/src.cxx.o' failed
make[1]: *** [CMakeFiles/cmTC_a2218.dir/src.cxx.o] Error 1
make[1]: Leaving directory '/home/vitowu/Documents/CourseMaterials/CourseMaterials/2018-2019_Term2/CS143-Compilers/llvmbuild/CMakeFiles/CMakeTmp'
Makefile:126: recipe for target 'cmTC_a2218/fast' failed
make: *** [cmTC_a2218/fast] Error 2

Source file was:
int main() { return 0; }
Performing C++ SOURCE FILE Test COMPILER_RT_HAS_GS_FLAG failed with the following output:
Change Dir: /home/vitowu/Documents/CourseMaterials/CourseMaterials/2018-2019_Term2/CS143-Compilers/llvmbuild/CMakeFiles/CMakeTmp

Run Build Command:"/usr/bin/make" "cmTC_0a865/fast"
/usr/bin/make -f CMakeFiles/cmTC_0a865.dir/build.make CMakeFiles/cmTC_0a865.dir/build
make[1]: Entering directory '/home/vitowu/Documents/CourseMaterials/CourseMaterials/2018-2019_Term2/CS143-Compilers/llvmbuild/CMakeFiles/CMakeTmp'
Building CXX object CMakeFiles/cmTC_0a865.dir/src.cxx.o
/usr/bin/c++    -fPIC -fvisibility-inlines-hidden -Werror=date-time -std=c++11 -Wall -W -Wno-unused-parameter -Wwrite-strings -Wcast-qual -Wno-missing-field-initializers -pedantic -Wno-long-long -Wno-maybe-uninitialized -Wdelete-non-virtual-dtor -Wno-comment -ffunction-sections -fdata-sections -DCOMPILER_RT_HAS_GS_FLAG   /GS -o CMakeFiles/cmTC_0a865.dir/src.cxx.o -c /home/vitowu/Documents/CourseMaterials/CourseMaterials/2018-2019_Term2/CS143-Compilers/llvmbuild/CMakeFiles/CMakeTmp/src.cxx
c++: error: /GS: No such file or directory
CMakeFiles/cmTC_0a865.dir/build.make:65: recipe for target 'CMakeFiles/cmTC_0a865.dir/src.cxx.o' failed
make[1]: *** [CMakeFiles/cmTC_0a865.dir/src.cxx.o] Error 1
make[1]: Leaving directory '/home/vitowu/Documents/CourseMaterials/CourseMaterials/2018-2019_Term2/CS143-Compilers/llvmbuild/CMakeFiles/CMakeTmp'
Makefile:126: recipe for target 'cmTC_0a865/fast' failed
make: *** [cmTC_0a865/fast] Error 2

Source file was:
int main() { return 0; }
Performing C++ SOURCE FILE Test COMPILER_RT_HAS_MT_FLAG failed with the following output:
Change Dir: /home/vitowu/Documents/CourseMaterials/CourseMaterials/2018-2019_Term2/CS143-Compilers/llvmbuild/CMakeFiles/CMakeTmp

Run Build Command:"/usr/bin/make" "cmTC_87c97/fast"
/usr/bin/make -f CMakeFiles/cmTC_87c97.dir/build.make CMakeFiles/cmTC_87c97.dir/build
make[1]: Entering directory '/home/vitowu/Documents/CourseMaterials/CourseMaterials/2018-2019_Term2/CS143-Compilers/llvmbuild/CMakeFiles/CMakeTmp'
Building CXX object CMakeFiles/cmTC_87c97.dir/src.cxx.o
/usr/bin/c++    -fPIC -fvisibility-inlines-hidden -Werror=date-time -std=c++11 -Wall -W -Wno-unused-parameter -Wwrite-strings -Wcast-qual -Wno-missing-field-initializers -pedantic -Wno-long-long -Wno-maybe-uninitialized -Wdelete-non-virtual-dtor -Wno-comment -ffunction-sections -fdata-sections -DCOMPILER_RT_HAS_MT_FLAG   /MT -o CMakeFiles/cmTC_87c97.dir/src.cxx.o -c /home/vitowu/Documents/CourseMaterials/CourseMaterials/2018-2019_Term2/CS143-Compilers/llvmbuild/CMakeFiles/CMakeTmp/src.cxx
c++: error: /MT: No such file or directory
CMakeFiles/cmTC_87c97.dir/build.make:65: recipe for target 'CMakeFiles/cmTC_87c97.dir/src.cxx.o' failed
make[1]: *** [CMakeFiles/cmTC_87c97.dir/src.cxx.o] Error 1
make[1]: Leaving directory '/home/vitowu/Documents/CourseMaterials/CourseMaterials/2018-2019_Term2/CS143-Compilers/llvmbuild/CMakeFiles/CMakeTmp'
Makefile:126: recipe for target 'cmTC_87c97/fast' failed
make: *** [cmTC_87c97/fast] Error 2

Source file was:
int main() { return 0; }
Performing C++ SOURCE FILE Test COMPILER_RT_HAS_Oy_FLAG failed with the following output:
Change Dir: /home/vitowu/Documents/CourseMaterials/CourseMaterials/2018-2019_Term2/CS143-Compilers/llvmbuild/CMakeFiles/CMakeTmp

Run Build Command:"/usr/bin/make" "cmTC_4391a/fast"
/usr/bin/make -f CMakeFiles/cmTC_4391a.dir/build.make CMakeFiles/cmTC_4391a.dir/build
make[1]: Entering directory '/home/vitowu/Documents/CourseMaterials/CourseMaterials/2018-2019_Term2/CS143-Compilers/llvmbuild/CMakeFiles/CMakeTmp'
Building CXX object CMakeFiles/cmTC_4391a.dir/src.cxx.o
/usr/bin/c++    -fPIC -fvisibility-inlines-hidden -Werror=date-time -std=c++11 -Wall -W -Wno-unused-parameter -Wwrite-strings -Wcast-qual -Wno-missing-field-initializers -pedantic -Wno-long-long -Wno-maybe-uninitialized -Wdelete-non-virtual-dtor -Wno-comment -ffunction-sections -fdata-sections -DCOMPILER_RT_HAS_Oy_FLAG   /Oy -o CMakeFiles/cmTC_4391a.dir/src.cxx.o -c /home/vitowu/Documents/CourseMaterials/CourseMaterials/2018-2019_Term2/CS143-Compilers/llvmbuild/CMakeFiles/CMakeTmp/src.cxx
c++: error: /Oy: No such file or directory
CMakeFiles/cmTC_4391a.dir/build.make:65: recipe for target 'CMakeFiles/cmTC_4391a.dir/src.cxx.o' failed
make[1]: *** [CMakeFiles/cmTC_4391a.dir/src.cxx.o] Error 1
make[1]: Leaving directory '/home/vitowu/Documents/CourseMaterials/CourseMaterials/2018-2019_Term2/CS143-Compilers/llvmbuild/CMakeFiles/CMakeTmp'
Makefile:126: recipe for target 'cmTC_4391a/fast' failed
make: *** [cmTC_4391a/fast] Error 2

Source file was:
int main() { return 0; }
Performing C++ SOURCE FILE Test COMPILER_RT_HAS_GLINE_TABLES_ONLY_FLAG failed with the following output:
Change Dir: /home/vitowu/Documents/CourseMaterials/CourseMaterials/2018-2019_Term2/CS143-Compilers/llvmbuild/CMakeFiles/CMakeTmp

Run Build Command:"/usr/bin/make" "cmTC_55b4d/fast"
/usr/bin/make -f CMakeFiles/cmTC_55b4d.dir/build.make CMakeFiles/cmTC_55b4d.dir/build
make[1]: Entering directory '/home/vitowu/Documents/CourseMaterials/CourseMaterials/2018-2019_Term2/CS143-Compilers/llvmbuild/CMakeFiles/CMakeTmp'
Building CXX object CMakeFiles/cmTC_55b4d.dir/src.cxx.o
/usr/bin/c++    -fPIC -fvisibility-inlines-hidden -Werror=date-time -std=c++11 -Wall -W -Wno-unused-parameter -Wwrite-strings -Wcast-qual -Wno-missing-field-initializers -pedantic -Wno-long-long -Wno-maybe-uninitialized -Wdelete-non-virtual-dtor -Wno-comment -ffunction-sections -fdata-sections -DCOMPILER_RT_HAS_GLINE_TABLES_ONLY_FLAG   -gline-tables-only -o CMakeFiles/cmTC_55b4d.dir/src.cxx.o -c /home/vitowu/Documents/CourseMaterials/CourseMaterials/2018-2019_Term2/CS143-Compilers/llvmbuild/CMakeFiles/CMakeTmp/src.cxx
c++: error: unrecognized debug output level 'line-tables-only'
CMakeFiles/cmTC_55b4d.dir/build.make:65: recipe for target 'CMakeFiles/cmTC_55b4d.dir/src.cxx.o' failed
make[1]: *** [CMakeFiles/cmTC_55b4d.dir/src.cxx.o] Error 1
make[1]: Leaving directory '/home/vitowu/Documents/CourseMaterials/CourseMaterials/2018-2019_Term2/CS143-Compilers/llvmbuild/CMakeFiles/CMakeTmp'
Makefile:126: recipe for target 'cmTC_55b4d/fast' failed
make: *** [cmTC_55b4d/fast] Error 2

Source file was:
int main() { return 0; }
Performing C++ SOURCE FILE Test COMPILER_RT_HAS_Zi_FLAG failed with the following output:
Change Dir: /home/vitowu/Documents/CourseMaterials/CourseMaterials/2018-2019_Term2/CS143-Compilers/llvmbuild/CMakeFiles/CMakeTmp

Run Build Command:"/usr/bin/make" "cmTC_4e193/fast"
/usr/bin/make -f CMakeFiles/cmTC_4e193.dir/build.make CMakeFiles/cmTC_4e193.dir/build
make[1]: Entering directory '/home/vitowu/Documents/CourseMaterials/CourseMaterials/2018-2019_Term2/CS143-Compilers/llvmbuild/CMakeFiles/CMakeTmp'
Building CXX object CMakeFiles/cmTC_4e193.dir/src.cxx.o
/usr/bin/c++    -fPIC -fvisibility-inlines-hidden -Werror=date-time -std=c++11 -Wall -W -Wno-unused-parameter -Wwrite-strings -Wcast-qual -Wno-missing-field-initializers -pedantic -Wno-long-long -Wno-maybe-uninitialized -Wdelete-non-virtual-dtor -Wno-comment -ffunction-sections -fdata-sections -DCOMPILER_RT_HAS_Zi_FLAG   /Zi -o CMakeFiles/cmTC_4e193.dir/src.cxx.o -c /home/vitowu/Documents/CourseMaterials/CourseMaterials/2018-2019_Term2/CS143-Compilers/llvmbuild/CMakeFiles/CMakeTmp/src.cxx
c++: error: /Zi: No such file or directory
CMakeFiles/cmTC_4e193.dir/build.make:65: recipe for target 'CMakeFiles/cmTC_4e193.dir/src.cxx.o' failed
make[1]: *** [CMakeFiles/cmTC_4e193.dir/src.cxx.o] Error 1
make[1]: Leaving directory '/home/vitowu/Documents/CourseMaterials/CourseMaterials/2018-2019_Term2/CS143-Compilers/llvmbuild/CMakeFiles/CMakeTmp'
Makefile:126: recipe for target 'cmTC_4e193/fast' failed
make: *** [cmTC_4e193/fast] Error 2

Source file was:
int main() { return 0; }
Performing C++ SOURCE FILE Test COMPILER_RT_HAS_WGLOBAL_CONSTRUCTORS_FLAG failed with the following output:
Change Dir: /home/vitowu/Documents/CourseMaterials/CourseMaterials/2018-2019_Term2/CS143-Compilers/llvmbuild/CMakeFiles/CMakeTmp

Run Build Command:"/usr/bin/make" "cmTC_79c6e/fast"
/usr/bin/make -f CMakeFiles/cmTC_79c6e.dir/build.make CMakeFiles/cmTC_79c6e.dir/build
make[1]: Entering directory '/home/vitowu/Documents/CourseMaterials/CourseMaterials/2018-2019_Term2/CS143-Compilers/llvmbuild/CMakeFiles/CMakeTmp'
Building CXX object CMakeFiles/cmTC_79c6e.dir/src.cxx.o
/usr/bin/c++    -fPIC -fvisibility-inlines-hidden -Werror=date-time -std=c++11 -Wall -W -Wno-unused-parameter -Wwrite-strings -Wcast-qual -Wno-missing-field-initializers -pedantic -Wno-long-long -Wno-maybe-uninitialized -Wdelete-non-virtual-dtor -Wno-comment -ffunction-sections -fdata-sections -DCOMPILER_RT_HAS_WGLOBAL_CONSTRUCTORS_FLAG   -Werror -Wglobal-constructors -o CMakeFiles/cmTC_79c6e.dir/src.cxx.o -c /home/vitowu/Documents/CourseMaterials/CourseMaterials/2018-2019_Term2/CS143-Compilers/llvmbuild/CMakeFiles/CMakeTmp/src.cxx
c++: error: unrecognized command line option '-Wglobal-constructors'; did you mean '-felide-constructors'?
CMakeFiles/cmTC_79c6e.dir/build.make:65: recipe for target 'CMakeFiles/cmTC_79c6e.dir/src.cxx.o' failed
make[1]: *** [CMakeFiles/cmTC_79c6e.dir/src.cxx.o] Error 1
make[1]: Leaving directory '/home/vitowu/Documents/CourseMaterials/CourseMaterials/2018-2019_Term2/CS143-Compilers/llvmbuild/CMakeFiles/CMakeTmp'
Makefile:126: recipe for target 'cmTC_79c6e/fast' failed
make: *** [cmTC_79c6e/fast] Error 2

Source file was:
int main() { return 0; }
Performing C++ SOURCE FILE Test COMPILER_RT_HAS_WC99_EXTENSIONS_FLAG failed with the following output:
Change Dir: /home/vitowu/Documents/CourseMaterials/CourseMaterials/2018-2019_Term2/CS143-Compilers/llvmbuild/CMakeFiles/CMakeTmp

Run Build Command:"/usr/bin/make" "cmTC_a413d/fast"
/usr/bin/make -f CMakeFiles/cmTC_a413d.dir/build.make CMakeFiles/cmTC_a413d.dir/build
make[1]: Entering directory '/home/vitowu/Documents/CourseMaterials/CourseMaterials/2018-2019_Term2/CS143-Compilers/llvmbuild/CMakeFiles/CMakeTmp'
Building CXX object CMakeFiles/cmTC_a413d.dir/src.cxx.o
/usr/bin/c++    -fPIC -fvisibility-inlines-hidden -Werror=date-time -std=c++11 -Wall -W -Wno-unused-parameter -Wwrite-strings -Wcast-qual -Wno-missing-field-initializers -pedantic -Wno-long-long -Wno-maybe-uninitialized -Wdelete-non-virtual-dtor -Wno-comment -ffunction-sections -fdata-sections -DCOMPILER_RT_HAS_WC99_EXTENSIONS_FLAG   -Werror -Wc99-extensions -o CMakeFiles/cmTC_a413d.dir/src.cxx.o -c /home/vitowu/Documents/CourseMaterials/CourseMaterials/2018-2019_Term2/CS143-Compilers/llvmbuild/CMakeFiles/CMakeTmp/src.cxx
c++: error: unrecognized command line option '-Wc99-extensions'; did you mean '-fms-extensions'?
CMakeFiles/cmTC_a413d.dir/build.make:65: recipe for target 'CMakeFiles/cmTC_a413d.dir/src.cxx.o' failed
make[1]: *** [CMakeFiles/cmTC_a413d.dir/src.cxx.o] Error 1
make[1]: Leaving directory '/home/vitowu/Documents/CourseMaterials/CourseMaterials/2018-2019_Term2/CS143-Compilers/llvmbuild/CMakeFiles/CMakeTmp'
Makefile:126: recipe for target 'cmTC_a413d/fast' failed
make: *** [cmTC_a413d/fast] Error 2

Source file was:
int main() { return 0; }
Performing C++ SOURCE FILE Test COMPILER_RT_HAS_WGNU_FLAG failed with the following output:
Change Dir: /home/vitowu/Documents/CourseMaterials/CourseMaterials/2018-2019_Term2/CS143-Compilers/llvmbuild/CMakeFiles/CMakeTmp

Run Build Command:"/usr/bin/make" "cmTC_94241/fast"
/usr/bin/make -f CMakeFiles/cmTC_94241.dir/build.make CMakeFiles/cmTC_94241.dir/build
make[1]: Entering directory '/home/vitowu/Documents/CourseMaterials/CourseMaterials/2018-2019_Term2/CS143-Compilers/llvmbuild/CMakeFiles/CMakeTmp'
Building CXX object CMakeFiles/cmTC_94241.dir/src.cxx.o
/usr/bin/c++    -fPIC -fvisibility-inlines-hidden -Werror=date-time -std=c++11 -Wall -W -Wno-unused-parameter -Wwrite-strings -Wcast-qual -Wno-missing-field-initializers -pedantic -Wno-long-long -Wno-maybe-uninitialized -Wdelete-non-virtual-dtor -Wno-comment -ffunction-sections -fdata-sections -DCOMPILER_RT_HAS_WGNU_FLAG   -Werror -Wgnu -o CMakeFiles/cmTC_94241.dir/src.cxx.o -c /home/vitowu/Documents/CourseMaterials/CourseMaterials/2018-2019_Term2/CS143-Compilers/llvmbuild/CMakeFiles/CMakeTmp/src.cxx
c++: error: unrecognized command line option '-Wgnu'
CMakeFiles/cmTC_94241.dir/build.make:65: recipe for target 'CMakeFiles/cmTC_94241.dir/src.cxx.o' failed
make[1]: *** [CMakeFiles/cmTC_94241.dir/src.cxx.o] Error 1
make[1]: Leaving directory '/home/vitowu/Documents/CourseMaterials/CourseMaterials/2018-2019_Term2/CS143-Compilers/llvmbuild/CMakeFiles/CMakeTmp'
Makefile:126: recipe for target 'cmTC_94241/fast' failed
make: *** [cmTC_94241/fast] Error 2

Source file was:
int main() { return 0; }
Performing C++ SOURCE FILE Test COMPILER_RT_HAS_WCOVERED_SWITCH_DEFAULT_FLAG failed with the following output:
Change Dir: /home/vitowu/Documents/CourseMaterials/CourseMaterials/2018-2019_Term2/CS143-Compilers/llvmbuild/CMakeFiles/CMakeTmp

Run Build Command:"/usr/bin/make" "cmTC_a8908/fast"
/usr/bin/make -f CMakeFiles/cmTC_a8908.dir/build.make CMakeFiles/cmTC_a8908.dir/build
make[1]: Entering directory '/home/vitowu/Documents/CourseMaterials/CourseMaterials/2018-2019_Term2/CS143-Compilers/llvmbuild/CMakeFiles/CMakeTmp'
Building CXX object CMakeFiles/cmTC_a8908.dir/src.cxx.o
/usr/bin/c++    -fPIC -fvisibility-inlines-hidden -Werror=date-time -std=c++11 -Wall -W -Wno-unused-parameter -Wwrite-strings -Wcast-qual -Wno-missing-field-initializers -pedantic -Wno-long-long -Wno-maybe-uninitialized -Wdelete-non-virtual-dtor -Wno-comment -ffunction-sections -fdata-sections -DCOMPILER_RT_HAS_WCOVERED_SWITCH_DEFAULT_FLAG   -Werror -Wcovered-switch-default -o CMakeFiles/cmTC_a8908.dir/src.cxx.o -c /home/vitowu/Documents/CourseMaterials/CourseMaterials/2018-2019_Term2/CS143-Compilers/llvmbuild/CMakeFiles/CMakeTmp/src.cxx
c++: error: unrecognized command line option '-Wcovered-switch-default'; did you mean '-Wno-switch-default'?
CMakeFiles/cmTC_a8908.dir/build.make:65: recipe for target 'CMakeFiles/cmTC_a8908.dir/src.cxx.o' failed
make[1]: *** [CMakeFiles/cmTC_a8908.dir/src.cxx.o] Error 1
make[1]: Leaving directory '/home/vitowu/Documents/CourseMaterials/CourseMaterials/2018-2019_Term2/CS143-Compilers/llvmbuild/CMakeFiles/CMakeTmp'
Makefile:126: recipe for target 'cmTC_a8908/fast' failed
make: *** [cmTC_a8908/fast] Error 2

Source file was:
int main() { return 0; }
Performing C++ SOURCE FILE Test COMPILER_RT_HAS_W4_FLAG failed with the following output:
Change Dir: /home/vitowu/Documents/CourseMaterials/CourseMaterials/2018-2019_Term2/CS143-Compilers/llvmbuild/CMakeFiles/CMakeTmp

Run Build Command:"/usr/bin/make" "cmTC_9dd7f/fast"
/usr/bin/make -f CMakeFiles/cmTC_9dd7f.dir/build.make CMakeFiles/cmTC_9dd7f.dir/build
make[1]: Entering directory '/home/vitowu/Documents/CourseMaterials/CourseMaterials/2018-2019_Term2/CS143-Compilers/llvmbuild/CMakeFiles/CMakeTmp'
Building CXX object CMakeFiles/cmTC_9dd7f.dir/src.cxx.o
/usr/bin/c++    -fPIC -fvisibility-inlines-hidden -Werror=date-time -std=c++11 -Wall -W -Wno-unused-parameter -Wwrite-strings -Wcast-qual -Wno-missing-field-initializers -pedantic -Wno-long-long -Wno-maybe-uninitialized -Wdelete-non-virtual-dtor -Wno-comment -ffunction-sections -fdata-sections -DCOMPILER_RT_HAS_W4_FLAG   /W4 -o CMakeFiles/cmTC_9dd7f.dir/src.cxx.o -c /home/vitowu/Documents/CourseMaterials/CourseMaterials/2018-2019_Term2/CS143-Compilers/llvmbuild/CMakeFiles/CMakeTmp/src.cxx
c++: error: /W4: No such file or directory
CMakeFiles/cmTC_9dd7f.dir/build.make:65: recipe for target 'CMakeFiles/cmTC_9dd7f.dir/src.cxx.o' failed
make[1]: *** [CMakeFiles/cmTC_9dd7f.dir/src.cxx.o] Error 1
make[1]: Leaving directory '/home/vitowu/Documents/CourseMaterials/CourseMaterials/2018-2019_Term2/CS143-Compilers/llvmbuild/CMakeFiles/CMakeTmp'
Makefile:126: recipe for target 'cmTC_9dd7f/fast' failed
make: *** [cmTC_9dd7f/fast] Error 2

Source file was:
int main() { return 0; }
Performing C++ SOURCE FILE Test COMPILER_RT_HAS_WX_FLAG failed with the following output:
Change Dir: /home/vitowu/Documents/CourseMaterials/CourseMaterials/2018-2019_Term2/CS143-Compilers/llvmbuild/CMakeFiles/CMakeTmp

Run Build Command:"/usr/bin/make" "cmTC_4b0f9/fast"
/usr/bin/make -f CMakeFiles/cmTC_4b0f9.dir/build.make CMakeFiles/cmTC_4b0f9.dir/build
make[1]: Entering directory '/home/vitowu/Documents/CourseMaterials/CourseMaterials/2018-2019_Term2/CS143-Compilers/llvmbuild/CMakeFiles/CMakeTmp'
Building CXX object CMakeFiles/cmTC_4b0f9.dir/src.cxx.o
/usr/bin/c++    -fPIC -fvisibility-inlines-hidden -Werror=date-time -std=c++11 -Wall -W -Wno-unused-parameter -Wwrite-strings -Wcast-qual -Wno-missing-field-initializers -pedantic -Wno-long-long -Wno-maybe-uninitialized -Wdelete-non-virtual-dtor -Wno-comment -ffunction-sections -fdata-sections -DCOMPILER_RT_HAS_WX_FLAG   /WX -o CMakeFiles/cmTC_4b0f9.dir/src.cxx.o -c /home/vitowu/Documents/CourseMaterials/CourseMaterials/2018-2019_Term2/CS143-Compilers/llvmbuild/CMakeFiles/CMakeTmp/src.cxx
c++: error: /WX: No such file or directory
CMakeFiles/cmTC_4b0f9.dir/build.make:65: recipe for target 'CMakeFiles/cmTC_4b0f9.dir/src.cxx.o' failed
make[1]: *** [CMakeFiles/cmTC_4b0f9.dir/src.cxx.o] Error 1
make[1]: Leaving directory '/home/vitowu/Documents/CourseMaterials/CourseMaterials/2018-2019_Term2/CS143-Compilers/llvmbuild/CMakeFiles/CMakeTmp'
Makefile:126: recipe for target 'cmTC_4b0f9/fast' failed
make: *** [cmTC_4b0f9/fast] Error 2

Source file was:
int main() { return 0; }
Performing C++ SOURCE FILE Test COMPILER_RT_HAS_WD4146_FLAG failed with the following output:
Change Dir: /home/vitowu/Documents/CourseMaterials/CourseMaterials/2018-2019_Term2/CS143-Compilers/llvmbuild/CMakeFiles/CMakeTmp

Run Build Command:"/usr/bin/make" "cmTC_8d983/fast"
/usr/bin/make -f CMakeFiles/cmTC_8d983.dir/build.make CMakeFiles/cmTC_8d983.dir/build
make[1]: Entering directory '/home/vitowu/Documents/CourseMaterials/CourseMaterials/2018-2019_Term2/CS143-Compilers/llvmbuild/CMakeFiles/CMakeTmp'
Building CXX object CMakeFiles/cmTC_8d983.dir/src.cxx.o
/usr/bin/c++    -fPIC -fvisibility-inlines-hidden -Werror=date-time -std=c++11 -Wall -W -Wno-unused-parameter -Wwrite-strings -Wcast-qual -Wno-missing-field-initializers -pedantic -Wno-long-long -Wno-maybe-uninitialized -Wdelete-non-virtual-dtor -Wno-comment -ffunction-sections -fdata-sections -DCOMPILER_RT_HAS_WD4146_FLAG   /wd4146 -o CMakeFiles/cmTC_8d983.dir/src.cxx.o -c /home/vitowu/Documents/CourseMaterials/CourseMaterials/2018-2019_Term2/CS143-Compilers/llvmbuild/CMakeFiles/CMakeTmp/src.cxx
c++: error: /wd4146: No such file or directory
CMakeFiles/cmTC_8d983.dir/build.make:65: recipe for target 'CMakeFiles/cmTC_8d983.dir/src.cxx.o' failed
make[1]: *** [CMakeFiles/cmTC_8d983.dir/src.cxx.o] Error 1
make[1]: Leaving directory '/home/vitowu/Documents/CourseMaterials/CourseMaterials/2018-2019_Term2/CS143-Compilers/llvmbuild/CMakeFiles/CMakeTmp'
Makefile:126: recipe for target 'cmTC_8d983/fast' failed
make: *** [cmTC_8d983/fast] Error 2

Source file was:
int main() { return 0; }
Performing C++ SOURCE FILE Test COMPILER_RT_HAS_WD4291_FLAG failed with the following output:
Change Dir: /home/vitowu/Documents/CourseMaterials/CourseMaterials/2018-2019_Term2/CS143-Compilers/llvmbuild/CMakeFiles/CMakeTmp

Run Build Command:"/usr/bin/make" "cmTC_ce121/fast"
/usr/bin/make -f CMakeFiles/cmTC_ce121.dir/build.make CMakeFiles/cmTC_ce121.dir/build
make[1]: Entering directory '/home/vitowu/Documents/CourseMaterials/CourseMaterials/2018-2019_Term2/CS143-Compilers/llvmbuild/CMakeFiles/CMakeTmp'
Building CXX object CMakeFiles/cmTC_ce121.dir/src.cxx.o
/usr/bin/c++    -fPIC -fvisibility-inlines-hidden -Werror=date-time -std=c++11 -Wall -W -Wno-unused-parameter -Wwrite-strings -Wcast-qual -Wno-missing-field-initializers -pedantic -Wno-long-long -Wno-maybe-uninitialized -Wdelete-non-virtual-dtor -Wno-comment -ffunction-sections -fdata-sections -DCOMPILER_RT_HAS_WD4291_FLAG   /wd4291 -o CMakeFiles/cmTC_ce121.dir/src.cxx.o -c /home/vitowu/Documents/CourseMaterials/CourseMaterials/2018-2019_Term2/CS143-Compilers/llvmbuild/CMakeFiles/CMakeTmp/src.cxx
c++: error: /wd4291: No such file or directory
CMakeFiles/cmTC_ce121.dir/build.make:65: recipe for target 'CMakeFiles/cmTC_ce121.dir/src.cxx.o' failed
make[1]: *** [CMakeFiles/cmTC_ce121.dir/src.cxx.o] Error 1
make[1]: Leaving directory '/home/vitowu/Documents/CourseMaterials/CourseMaterials/2018-2019_Term2/CS143-Compilers/llvmbuild/CMakeFiles/CMakeTmp'
Makefile:126: recipe for target 'cmTC_ce121/fast' failed
make: *** [cmTC_ce121/fast] Error 2

Source file was:
int main() { return 0; }
Performing C++ SOURCE FILE Test COMPILER_RT_HAS_WD4221_FLAG failed with the following output:
Change Dir: /home/vitowu/Documents/CourseMaterials/CourseMaterials/2018-2019_Term2/CS143-Compilers/llvmbuild/CMakeFiles/CMakeTmp

Run Build Command:"/usr/bin/make" "cmTC_b45a4/fast"
/usr/bin/make -f CMakeFiles/cmTC_b45a4.dir/build.make CMakeFiles/cmTC_b45a4.dir/build
make[1]: Entering directory '/home/vitowu/Documents/CourseMaterials/CourseMaterials/2018-2019_Term2/CS143-Compilers/llvmbuild/CMakeFiles/CMakeTmp'
Building CXX object CMakeFiles/cmTC_b45a4.dir/src.cxx.o
/usr/bin/c++    -fPIC -fvisibility-inlines-hidden -Werror=date-time -std=c++11 -Wall -W -Wno-unused-parameter -Wwrite-strings -Wcast-qual -Wno-missing-field-initializers -pedantic -Wno-long-long -Wno-maybe-uninitialized -Wdelete-non-virtual-dtor -Wno-comment -ffunction-sections -fdata-sections -DCOMPILER_RT_HAS_WD4221_FLAG   /wd4221 -o CMakeFiles/cmTC_b45a4.dir/src.cxx.o -c /home/vitowu/Documents/CourseMaterials/CourseMaterials/2018-2019_Term2/CS143-Compilers/llvmbuild/CMakeFiles/CMakeTmp/src.cxx
c++: error: /wd4221: No such file or directory
CMakeFiles/cmTC_b45a4.dir/build.make:65: recipe for target 'CMakeFiles/cmTC_b45a4.dir/src.cxx.o' failed
make[1]: *** [CMakeFiles/cmTC_b45a4.dir/src.cxx.o] Error 1
make[1]: Leaving directory '/home/vitowu/Documents/CourseMaterials/CourseMaterials/2018-2019_Term2/CS143-Compilers/llvmbuild/CMakeFiles/CMakeTmp'
Makefile:126: recipe for target 'cmTC_b45a4/fast' failed
make: *** [cmTC_b45a4/fast] Error 2

Source file was:
int main() { return 0; }
Performing C++ SOURCE FILE Test COMPILER_RT_HAS_WD4391_FLAG failed with the following output:
Change Dir: /home/vitowu/Documents/CourseMaterials/CourseMaterials/2018-2019_Term2/CS143-Compilers/llvmbuild/CMakeFiles/CMakeTmp

Run Build Command:"/usr/bin/make" "cmTC_f0b13/fast"
/usr/bin/make -f CMakeFiles/cmTC_f0b13.dir/build.make CMakeFiles/cmTC_f0b13.dir/build
make[1]: Entering directory '/home/vitowu/Documents/CourseMaterials/CourseMaterials/2018-2019_Term2/CS143-Compilers/llvmbuild/CMakeFiles/CMakeTmp'
Building CXX object CMakeFiles/cmTC_f0b13.dir/src.cxx.o
/usr/bin/c++    -fPIC -fvisibility-inlines-hidden -Werror=date-time -std=c++11 -Wall -W -Wno-unused-parameter -Wwrite-strings -Wcast-qual -Wno-missing-field-initializers -pedantic -Wno-long-long -Wno-maybe-uninitialized -Wdelete-non-virtual-dtor -Wno-comment -ffunction-sections -fdata-sections -DCOMPILER_RT_HAS_WD4391_FLAG   /wd4391 -o CMakeFiles/cmTC_f0b13.dir/src.cxx.o -c /home/vitowu/Documents/CourseMaterials/CourseMaterials/2018-2019_Term2/CS143-Compilers/llvmbuild/CMakeFiles/CMakeTmp/src.cxx
c++: error: /wd4391: No such file or directory
CMakeFiles/cmTC_f0b13.dir/build.make:65: recipe for target 'CMakeFiles/cmTC_f0b13.dir/src.cxx.o' failed
make[1]: *** [CMakeFiles/cmTC_f0b13.dir/src.cxx.o] Error 1
make[1]: Leaving directory '/home/vitowu/Documents/CourseMaterials/CourseMaterials/2018-2019_Term2/CS143-Compilers/llvmbuild/CMakeFiles/CMakeTmp'
Makefile:126: recipe for target 'cmTC_f0b13/fast' failed
make: *** [cmTC_f0b13/fast] Error 2

Source file was:
int main() { return 0; }
Performing C++ SOURCE FILE Test COMPILER_RT_HAS_WD4722_FLAG failed with the following output:
Change Dir: /home/vitowu/Documents/CourseMaterials/CourseMaterials/2018-2019_Term2/CS143-Compilers/llvmbuild/CMakeFiles/CMakeTmp

Run Build Command:"/usr/bin/make" "cmTC_09cb9/fast"
/usr/bin/make -f CMakeFiles/cmTC_09cb9.dir/build.make CMakeFiles/cmTC_09cb9.dir/build
make[1]: Entering directory '/home/vitowu/Documents/CourseMaterials/CourseMaterials/2018-2019_Term2/CS143-Compilers/llvmbuild/CMakeFiles/CMakeTmp'
Building CXX object CMakeFiles/cmTC_09cb9.dir/src.cxx.o
/usr/bin/c++    -fPIC -fvisibility-inlines-hidden -Werror=date-time -std=c++11 -Wall -W -Wno-unused-parameter -Wwrite-strings -Wcast-qual -Wno-missing-field-initializers -pedantic -Wno-long-long -Wno-maybe-uninitialized -Wdelete-non-virtual-dtor -Wno-comment -ffunction-sections -fdata-sections -DCOMPILER_RT_HAS_WD4722_FLAG   /wd4722 -o CMakeFiles/cmTC_09cb9.dir/src.cxx.o -c /home/vitowu/Documents/CourseMaterials/CourseMaterials/2018-2019_Term2/CS143-Compilers/llvmbuild/CMakeFiles/CMakeTmp/src.cxx
c++: error: /wd4722: No such file or directory
CMakeFiles/cmTC_09cb9.dir/build.make:65: recipe for target 'CMakeFiles/cmTC_09cb9.dir/src.cxx.o' failed
make[1]: *** [CMakeFiles/cmTC_09cb9.dir/src.cxx.o] Error 1
make[1]: Leaving directory '/home/vitowu/Documents/CourseMaterials/CourseMaterials/2018-2019_Term2/CS143-Compilers/llvmbuild/CMakeFiles/CMakeTmp'
Makefile:126: recipe for target 'cmTC_09cb9/fast' failed
make: *** [cmTC_09cb9/fast] Error 2

Source file was:
int main() { return 0; }
Performing C++ SOURCE FILE Test COMPILER_RT_HAS_WD4800_FLAG failed with the following output:
Change Dir: /home/vitowu/Documents/CourseMaterials/CourseMaterials/2018-2019_Term2/CS143-Compilers/llvmbuild/CMakeFiles/CMakeTmp

Run Build Command:"/usr/bin/make" "cmTC_ada9a/fast"
/usr/bin/make -f CMakeFiles/cmTC_ada9a.dir/build.make CMakeFiles/cmTC_ada9a.dir/build
make[1]: Entering directory '/home/vitowu/Documents/CourseMaterials/CourseMaterials/2018-2019_Term2/CS143-Compilers/llvmbuild/CMakeFiles/CMakeTmp'
Building CXX object CMakeFiles/cmTC_ada9a.dir/src.cxx.o
/usr/bin/c++    -fPIC -fvisibility-inlines-hidden -Werror=date-time -std=c++11 -Wall -W -Wno-unused-parameter -Wwrite-strings -Wcast-qual -Wno-missing-field-initializers -pedantic -Wno-long-long -Wno-maybe-uninitialized -Wdelete-non-virtual-dtor -Wno-comment -ffunction-sections -fdata-sections -DCOMPILER_RT_HAS_WD4800_FLAG   /wd4800 -o CMakeFiles/cmTC_ada9a.dir/src.cxx.o -c /home/vitowu/Documents/CourseMaterials/CourseMaterials/2018-2019_Term2/CS143-Compilers/llvmbuild/CMakeFiles/CMakeTmp/src.cxx
c++: error: /wd4800: No such file or directory
CMakeFiles/cmTC_ada9a.dir/build.make:65: recipe for target 'CMakeFiles/cmTC_ada9a.dir/src.cxx.o' failed
make[1]: *** [CMakeFiles/cmTC_ada9a.dir/src.cxx.o] Error 1
make[1]: Leaving directory '/home/vitowu/Documents/CourseMaterials/CourseMaterials/2018-2019_Term2/CS143-Compilers/llvmbuild/CMakeFiles/CMakeTmp'
Makefile:126: recipe for target 'cmTC_ada9a/fast' failed
make: *** [cmTC_ada9a/fast] Error 2

Source file was:
int main() { return 0; }
Determining if the __i686__ exist failed with the following output:
Change Dir: /home/vitowu/Documents/CourseMaterials/CourseMaterials/2018-2019_Term2/CS143-Compilers/llvmbuild/CMakeFiles/CMakeTmp

Run Build Command:"/usr/bin/make" "cmTC_6aaae/fast"
/usr/bin/make -f CMakeFiles/cmTC_6aaae.dir/build.make CMakeFiles/cmTC_6aaae.dir/build
make[1]: Entering directory '/home/vitowu/Documents/CourseMaterials/CourseMaterials/2018-2019_Term2/CS143-Compilers/llvmbuild/CMakeFiles/CMakeTmp'
Building C object CMakeFiles/cmTC_6aaae.dir/CheckSymbolExists.c.o
/usr/bin/cc   -fPIC -Werror=date-time -Wall -W -Wno-unused-parameter -Wwrite-strings -Wno-missing-field-initializers -pedantic -Wno-long-long -Wno-comment -ffunction-sections -fdata-sections   -m32   -o CMakeFiles/cmTC_6aaae.dir/CheckSymbolExists.c.o   -c /home/vitowu/Documents/CourseMaterials/CourseMaterials/2018-2019_Term2/CS143-Compilers/llvmbuild/CMakeFiles/CMakeTmp/CheckSymbolExists.c
Linking C executable cmTC_6aaae
/usr/bin/cmake -E cmake_link_script CMakeFiles/cmTC_6aaae.dir/link.txt --verbose=1
/usr/bin/cc  -fPIC -Werror=date-time -Wall -W -Wno-unused-parameter -Wwrite-strings -Wno-missing-field-initializers -pedantic -Wno-long-long -Wno-comment -ffunction-sections -fdata-sections   -m32   -Wl,-allow-shlib-undefined  CMakeFiles/cmTC_6aaae.dir/CheckSymbolExists.c.o  -o cmTC_6aaae -lm 
/usr/bin/ld: cannot find Scrt1.o: No such file or directory
/usr/bin/ld: cannot find crti.o: No such file or directory
/usr/bin/ld: skipping incompatible //usr/lib/x86_64-linux-gnu/libm.so when searching for -lm
/usr/bin/ld: skipping incompatible //usr/lib/x86_64-linux-gnu/libm.a when searching for -lm
/usr/bin/ld: cannot find -lm
/usr/bin/ld: skipping incompatible /usr/lib/gcc/x86_64-linux-gnu/7/libgcc.a when searching for -lgcc
/usr/bin/ld: cannot find -lgcc
/usr/bin/ld: skipping incompatible /usr/lib/gcc/x86_64-linux-gnu/7/libgcc.a when searching for -lgcc
/usr/bin/ld: cannot find -lgcc
collect2: error: ld returned 1 exit status
CMakeFiles/cmTC_6aaae.dir/build.make:97: recipe for target 'cmTC_6aaae' failed
make[1]: *** [cmTC_6aaae] Error 1
make[1]: Leaving directory '/home/vitowu/Documents/CourseMaterials/CourseMaterials/2018-2019_Term2/CS143-Compilers/llvmbuild/CMakeFiles/CMakeTmp'
Makefile:126: recipe for target 'cmTC_6aaae/fast' failed
make: *** [cmTC_6aaae/fast] Error 2

File /home/vitowu/Documents/CourseMaterials/CourseMaterials/2018-2019_Term2/CS143-Compilers/llvmbuild/CMakeFiles/CMakeTmp/CheckSymbolExists.c:
/* */

int main(int argc, char** argv)
{
  (void)argv;
#ifndef __i686__
  return ((int*)(&__i686__))[argc];
#else
  (void)argc;
  return 0;
#endif
}

Determining if the __i386__ exist failed with the following output:
Change Dir: /home/vitowu/Documents/CourseMaterials/CourseMaterials/2018-2019_Term2/CS143-Compilers/llvmbuild/CMakeFiles/CMakeTmp

Run Build Command:"/usr/bin/make" "cmTC_d3404/fast"
/usr/bin/make -f CMakeFiles/cmTC_d3404.dir/build.make CMakeFiles/cmTC_d3404.dir/build
make[1]: Entering directory '/home/vitowu/Documents/CourseMaterials/CourseMaterials/2018-2019_Term2/CS143-Compilers/llvmbuild/CMakeFiles/CMakeTmp'
Building C object CMakeFiles/cmTC_d3404.dir/CheckSymbolExists.c.o
/usr/bin/cc   -fPIC -Werror=date-time -Wall -W -Wno-unused-parameter -Wwrite-strings -Wno-missing-field-initializers -pedantic -Wno-long-long -Wno-comment -ffunction-sections -fdata-sections   -m32   -o CMakeFiles/cmTC_d3404.dir/CheckSymbolExists.c.o   -c /home/vitowu/Documents/CourseMaterials/CourseMaterials/2018-2019_Term2/CS143-Compilers/llvmbuild/CMakeFiles/CMakeTmp/CheckSymbolExists.c
Linking C executable cmTC_d3404
/usr/bin/cmake -E cmake_link_script CMakeFiles/cmTC_d3404.dir/link.txt --verbose=1
/usr/bin/cc  -fPIC -Werror=date-time -Wall -W -Wno-unused-parameter -Wwrite-strings -Wno-missing-field-initializers -pedantic -Wno-long-long -Wno-comment -ffunction-sections -fdata-sections   -m32   -Wl,-allow-shlib-undefined  CMakeFiles/cmTC_d3404.dir/CheckSymbolExists.c.o  -o cmTC_d3404 -lm 
/usr/bin/ld: cannot find Scrt1.o: No such file or directory
/usr/bin/ld: cannot find crti.o: No such file or directory
/usr/bin/ld: skipping incompatible //usr/lib/x86_64-linux-gnu/libm.so when searching for -lm
/usr/bin/ld: skipping incompatible //usr/lib/x86_64-linux-gnu/libm.a when searching for -lm
/usr/bin/ld: cannot find -lm
/usr/bin/ld: skipping incompatible /usr/lib/gcc/x86_64-linux-gnu/7/libgcc.a when searching for -lgcc
/usr/bin/ld: cannot find -lgcc
/usr/bin/ld: skipping incompatible /usr/lib/gcc/x86_64-linux-gnu/7/libgcc.a when searching for -lgcc
/usr/bin/ld: cannot find -lgcc
collect2: error: ld returned 1 exit status
CMakeFiles/cmTC_d3404.dir/build.make:97: recipe for target 'cmTC_d3404' failed
make[1]: *** [cmTC_d3404] Error 1
make[1]: Leaving directory '/home/vitowu/Documents/CourseMaterials/CourseMaterials/2018-2019_Term2/CS143-Compilers/llvmbuild/CMakeFiles/CMakeTmp'
Makefile:126: recipe for target 'cmTC_d3404/fast' failed
make: *** [cmTC_d3404/fast] Error 2

File /home/vitowu/Documents/CourseMaterials/CourseMaterials/2018-2019_Term2/CS143-Compilers/llvmbuild/CMakeFiles/CMakeTmp/CheckSymbolExists.c:
/* */

int main(int argc, char** argv)
{
  (void)argv;
#ifndef __i386__
  return ((int*)(&__i386__))[argc];
#else
  (void)argc;
  return 0;
#endif
}

Determining if the include file tirpc/rpc/xdr.h exists failed with the following output:
Change Dir: /home/vitowu/Documents/CourseMaterials/CourseMaterials/2018-2019_Term2/CS143-Compilers/llvmbuild/CMakeFiles/CMakeTmp

Run Build Command:"/usr/bin/make" "cmTC_97e66/fast"
/usr/bin/make -f CMakeFiles/cmTC_97e66.dir/build.make CMakeFiles/cmTC_97e66.dir/build
make[1]: Entering directory '/home/vitowu/Documents/CourseMaterials/CourseMaterials/2018-2019_Term2/CS143-Compilers/llvmbuild/CMakeFiles/CMakeTmp'
Building C object CMakeFiles/cmTC_97e66.dir/CheckIncludeFile.c.o
/usr/bin/cc   -fPIC -Werror=date-time -Wall -W -Wno-unused-parameter -Wwrite-strings -Wno-missing-field-initializers -pedantic -Wno-long-long -Wno-comment -ffunction-sections -fdata-sections -Wall -Wno-unused-parameter    -o CMakeFiles/cmTC_97e66.dir/CheckIncludeFile.c.o   -c /home/vitowu/Documents/CourseMaterials/CourseMaterials/2018-2019_Term2/CS143-Compilers/llvmbuild/CMakeFiles/CMakeTmp/CheckIncludeFile.c
/home/vitowu/Documents/CourseMaterials/CourseMaterials/2018-2019_Term2/CS143-Compilers/llvmbuild/CMakeFiles/CMakeTmp/CheckIncludeFile.c:1:10: fatal error: tirpc/rpc/xdr.h: No such file or directory
 #include <tirpc/rpc/xdr.h>
          ^~~~~~~~~~~~~~~~~
compilation terminated.
CMakeFiles/cmTC_97e66.dir/build.make:65: recipe for target 'CMakeFiles/cmTC_97e66.dir/CheckIncludeFile.c.o' failed
make[1]: *** [CMakeFiles/cmTC_97e66.dir/CheckIncludeFile.c.o] Error 1
make[1]: Leaving directory '/home/vitowu/Documents/CourseMaterials/CourseMaterials/2018-2019_Term2/CS143-Compilers/llvmbuild/CMakeFiles/CMakeTmp'
Makefile:126: recipe for target 'cmTC_97e66/fast' failed
make: *** [cmTC_97e66/fast] Error 2


Testing compiler for supporting FLAGS-fxray-instrument:
Command: /usr/bin/cc;;;;-fPIC;-Werror=date-time;-Wall;-W;-Wno-unused-parameter;-Wwrite-strings;-Wno-missing-field-initializers;-pedantic;-Wno-long-long;-Wno-comment;-ffunction-sections;-fdata-sections;-Wall;-Wno-unused-parameter;-fxray-instrument;-o;/home/vitowu/Documents/CourseMaterials/CourseMaterials/2018-2019_Term2/CS143-Compilers/llvmbuild/CMakeFiles/test.o;;;-c;/home/vitowu/Documents/CourseMaterials/CourseMaterials/2018-2019_Term2/CS143-Compilers/llvmbuild/CMakeFiles/src.c

cc: error: unrecognized command line option ‘-fxray-instrument’

1
Performing C++ SOURCE FILE Test CXX_SUPPORTS_NO_NESTED_ANON_TYPES_FLAG failed with the following output:
Change Dir: /home/vitowu/Documents/CourseMaterials/CourseMaterials/2018-2019_Term2/CS143-Compilers/llvmbuild/CMakeFiles/CMakeTmp

Run Build Command:"/usr/bin/make" "cmTC_a1da0/fast"
/usr/bin/make -f CMakeFiles/cmTC_a1da0.dir/build.make CMakeFiles/cmTC_a1da0.dir/build
make[1]: Entering directory '/home/vitowu/Documents/CourseMaterials/CourseMaterials/2018-2019_Term2/CS143-Compilers/llvmbuild/CMakeFiles/CMakeTmp'
Building CXX object CMakeFiles/cmTC_a1da0.dir/src.cxx.o
/usr/bin/c++    -fPIC -fvisibility-inlines-hidden -Werror=date-time -std=c++11 -Wall -W -Wno-unused-parameter -Wwrite-strings -Wcast-qual -Wno-missing-field-initializers -pedantic -Wno-long-long -Wno-maybe-uninitialized -Wdelete-non-virtual-dtor -Wno-comment -ffunction-sections -fdata-sections -fno-common -Woverloaded-virtual -fno-strict-aliasing -DCXX_SUPPORTS_NO_NESTED_ANON_TYPES_FLAG   -Werror -Wnested-anon-types -o CMakeFiles/cmTC_a1da0.dir/src.cxx.o -c /home/vitowu/Documents/CourseMaterials/CourseMaterials/2018-2019_Term2/CS143-Compilers/llvmbuild/CMakeFiles/CMakeTmp/src.cxx
c++: error: unrecognized command line option '-Wnested-anon-types'; did you mean '-Wnested-externs'?
CMakeFiles/cmTC_a1da0.dir/build.make:65: recipe for target 'CMakeFiles/cmTC_a1da0.dir/src.cxx.o' failed
make[1]: *** [CMakeFiles/cmTC_a1da0.dir/src.cxx.o] Error 1
make[1]: Leaving directory '/home/vitowu/Documents/CourseMaterials/CourseMaterials/2018-2019_Term2/CS143-Compilers/llvmbuild/CMakeFiles/CMakeTmp'
Makefile:126: recipe for target 'cmTC_a1da0/fast' failed
make: *** [cmTC_a1da0/fast] Error 2

Source file was:
int main() { return 0; }
